[12:24:43] [main/INFO]: Using mbed TLS based native cipher.
[12:24:43] [main/INFO]: Using zlib based native compressor.
[12:24:43] [main/INFO]: Enabled Waterfall version git:Waterfall-Bootstrap:1.19-R0.1-SNAPSHOT:f6069e2:513
[12:24:43] [main/INFO]: Not on Windows, attempting to use enhanced EpollEventLoop
[12:24:43] [main/INFO]: Epoll is working, utilising it!
[12:24:43] [main/INFO]: Discovered module: ModuleSpec(name=cmd_alert, file=modules/cmd_alert.jar, provider=JenkinsModuleSource())
[12:24:43] [main/INFO]: Discovered module: ModuleSpec(name=cmd_find, file=modules/cmd_find.jar, provider=JenkinsModuleSource())
[12:24:43] [main/INFO]: Discovered module: ModuleSpec(name=cmd_list, file=modules/cmd_list.jar, provider=JenkinsModuleSource())
[12:24:43] [main/INFO]: Discovered module: ModuleSpec(name=cmd_send, file=modules/cmd_send.jar, provider=JenkinsModuleSource())
[12:24:43] [main/INFO]: Discovered module: ModuleSpec(name=cmd_server, file=modules/cmd_server.jar, provider=JenkinsModuleSource())
[12:24:43] [main/INFO]: Discovered module: ModuleSpec(name=reconnect_yaml, file=modules/reconnect_yaml.jar, provider=JenkinsModuleSource())
[12:24:43] [main/INFO]: Loaded plugin reconnect_yaml version git:reconnect_yaml:1.19-R0.1-SNAPSHOT:f6069e2:513 by WaterfallMC
[12:24:43] [main/INFO]: Loaded plugin cmd_find version git:cmd_find:1.19-R0.1-SNAPSHOT:f6069e2:513 by WaterfallMC
[12:24:43] [main/INFO]: Loaded plugin cmd_server version git:cmd_server:1.19-R0.1-SNAPSHOT:f6069e2:513 by WaterfallMC
[12:24:43] [main/INFO]: Loaded plugin cmd_alert version git:cmd_alert:1.19-R0.1-SNAPSHOT:f6069e2:513 by WaterfallMC
[12:24:43] [main/INFO]: Loaded plugin cmd_send version git:cmd_send:1.19-R0.1-SNAPSHOT:f6069e2:513 by WaterfallMC
[12:24:43] [main/INFO]: Loaded plugin cmd_list version git:cmd_list:1.19-R0.1-SNAPSHOT:f6069e2:513 by WaterfallMC
[12:24:43] [main/WARN]: :>:>:>:>:>:>:>:>:>:>:>:>:>:>:>:>:>:>:>:>:>:>:>
[12:24:43] [main/WARN]: :>  
[12:24:43] [main/WARN]: :>      EAGLERCRAFTXBUNGEE WARNING:
[12:24:43] [main/WARN]: :>  
[12:24:43] [main/WARN]: :>  This plugin wasn't tested to be 'working'
[12:24:43] [main/WARN]: :>  with ANY version of BungeeCord (and forks)
[12:24:43] [main/WARN]: :>  apart from the versions listed below:
[12:24:43] [main/WARN]: :>  
[12:24:43] [main/WARN]: :>  - BungeeCord: 1.20-R0.2-SNAPSHOT:231024b:1777
[12:24:43] [main/WARN]: :>  - Waterfall: 1.20-R0.2-SNAPSHOT:d85fe36:556
[12:24:43] [main/WARN]: :>  - FlameCord: 1.1.1
[12:24:43] [main/WARN]: :>  
[12:24:43] [main/WARN]: :>  This is not a Bukkit/Spigot plugin!
[12:24:43] [main/WARN]: :>  
[12:24:43] [main/WARN]: :>  Use "-Deaglerxbungee.stfu=true" to hide
[12:24:43] [main/WARN]: :>  
[12:24:43] [main/WARN]: :>:>:>:>:>:>:>:>:>:>:>:>:>:>:>:>:>:>:>:>:>:>:>
[12:24:43] [main/INFO] [EaglercraftXBungee]: Loading vanilla profile: lax1dude
[12:24:44] [Skin Download Thread #1/INFO] [EaglercraftXBungee]: Loaded vanilla profile: lax1dude
[12:24:44] [main/INFO]: Loaded plugin EaglercraftXBungee version 1.0.9 by lax1dude
[12:24:44] [main/WARN]: Forced host server pvp is not defined
[12:24:44] [main/INFO]: Enabled plugin reconnect_yaml version git:reconnect_yaml:1.19-R0.1-SNAPSHOT:f6069e2:513 by WaterfallMC
[12:24:44] [main/INFO]: Enabled plugin cmd_find version git:cmd_find:1.19-R0.1-SNAPSHOT:f6069e2:513 by WaterfallMC
[12:24:44] [main/INFO]: Enabled plugin cmd_server version git:cmd_server:1.19-R0.1-SNAPSHOT:f6069e2:513 by WaterfallMC
[12:24:44] [main/INFO]: Enabled plugin cmd_alert version git:cmd_alert:1.19-R0.1-SNAPSHOT:f6069e2:513 by WaterfallMC
[12:24:44] [main/INFO]: Enabled plugin cmd_send version git:cmd_send:1.19-R0.1-SNAPSHOT:f6069e2:513 by WaterfallMC
[12:24:44] [main/INFO]: Enabled plugin cmd_list version git:cmd_list:1.19-R0.1-SNAPSHOT:f6069e2:513 by WaterfallMC
[12:24:44] [main/ERROR] [EaglercraftXBungee]: Online mode is set to false! Authentication system has been disabled
[12:24:44] [Netty Worker IO Thread #0/INFO] [EaglercraftXBungee]: Eaglercraft is listening on: /0.0.0.0:8081
[12:24:44] [main/INFO] [EaglercraftXBungee]: Connected to database: jdbc:sqlite:eaglercraft_skins_cache.db
[12:24:44] [main/INFO]: Enabled plugin EaglercraftXBungee version 1.0.9 by lax1dude
[12:24:44] [Netty Boss IO Thread #0/INFO]: Listening on /127.0.0.1:25577
[12:25:47] [Netty Worker IO Thread #1/WARN] [EaglercraftXBungee]: Server icon is not a file: /workspaces/Server-test1/bungee/server-icon.png
[12:26:01] [Netty Worker IO Thread #3/INFO] [EaglercraftXBungee]: [/[0:0:0:0:0:0:0:1%0]:53868]: Connected via websocket
[12:26:01] [Netty Worker IO Thread #3/INFO] [EaglercraftXBungee]: [/[0:0:0:0:0:0:0:1%0]:53868]: Origin header is null
[12:26:01] [Netty Worker IO Thread #3/INFO] [EaglercraftXBungee]: [/[0:0:0:0:0:0:0:1%0]:53868]: Logged in as 'Isiss'
[12:26:01] [Netty Worker IO Thread #3/INFO]: [/[0:0:0:0:0:0:0:1%0]:53868|Isiss] -> UpstreamBridge has connected
[12:26:01] [Netty Worker IO Thread #3/INFO]: [Isiss|/[0:0:0:0:0:0:0:1%0]:53868] <-> ServerConnector [lobby] has connected
[12:26:06] [Netty Worker IO Thread #4/INFO] [EaglercraftXBungee]: [/[0:0:0:0:0:0:0:1%0]:58598]: Connected via websocket
[12:26:06] [Netty Worker IO Thread #4/INFO] [EaglercraftXBungee]: [/[0:0:0:0:0:0:0:1%0]:58598]: Origin header is null
[12:26:06] [Netty Worker IO Thread #4/INFO] [EaglercraftXBungee]: [/[0:0:0:0:0:0:0:1%0]:58598]: Logged in as 'Hamzah898933_'
[12:26:06] [Netty Worker IO Thread #4/INFO]: [/[0:0:0:0:0:0:0:1%0]:58598|Hamzah898933_] -> UpstreamBridge has connected
[12:26:06] [Netty Worker IO Thread #4/INFO]: [Hamzah898933_|/[0:0:0:0:0:0:0:1%0]:58598] <-> ServerConnector [lobby] has connected
[12:27:04] [Netty Worker IO Thread #6/INFO] [EaglercraftXBungee]: [/[0:0:0:0:0:0:0:1%0]:43814]: Connected via websocket
[12:27:04] [Netty Worker IO Thread #6/INFO] [EaglercraftXBungee]: [/[0:0:0:0:0:0:0:1%0]:43814]: Origin header is null
[12:27:04] [Netty Worker IO Thread #6/INFO] [EaglercraftXBungee]: [/[0:0:0:0:0:0:0:1%0]:43814]: Logged in as 'HeLLo'
[12:27:04] [Netty Worker IO Thread #6/INFO]: [/[0:0:0:0:0:0:0:1%0]:43814|HeLLo] -> UpstreamBridge has connected
[12:27:04] [Netty Worker IO Thread #6/INFO]: [HeLLo|/[0:0:0:0:0:0:0:1%0]:43814] <-> ServerConnector [lobby] has connected
[12:29:01] [Netty Worker IO Thread #6/INFO]: [HeLLo] disconnected with: Proxy lost connection to server.
[12:29:01] [Netty Worker IO Thread #6/INFO]: [/[0:0:0:0:0:0:0:1%0]:43814|HeLLo] <-> DownstreamBridge <-> [lobby] has disconnected
[12:29:01] [Netty Worker IO Thread #6/INFO]: [/[0:0:0:0:0:0:0:1%0]:43814|HeLLo] -> UpstreamBridge has disconnected
[12:29:17] [Netty Worker IO Thread #4/INFO]: [Hamzah898933_] disconnected with: Proxy lost connection to server.
[12:29:17] [Netty Worker IO Thread #4/INFO]: [/[0:0:0:0:0:0:0:1%0]:58598|Hamzah898933_] <-> DownstreamBridge <-> [lobby] has disconnected
[12:29:17] [Netty Worker IO Thread #4/INFO]: [/[0:0:0:0:0:0:0:1%0]:58598|Hamzah898933_] -> UpstreamBridge has disconnected
[12:30:39] [Netty Worker IO Thread #0/INFO] [EaglercraftXBungee]: [/[0:0:0:0:0:0:0:1%0]:47438]: Connected via websocket
[12:30:39] [Netty Worker IO Thread #0/INFO] [EaglercraftXBungee]: [/[0:0:0:0:0:0:0:1%0]:47438]: Origin header is null
[12:30:39] [Netty Worker IO Thread #0/INFO] [EaglercraftXBungee]: [/[0:0:0:0:0:0:0:1%0]:47438]: Logged in as 'Adam8989333'
[12:30:39] [Netty Worker IO Thread #0/INFO]: [/[0:0:0:0:0:0:0:1%0]:47438|Adam8989333] -> UpstreamBridge has connected
[12:30:39] [Netty Worker IO Thread #0/INFO]: [Adam8989333|/[0:0:0:0:0:0:0:1%0]:47438] <-> ServerConnector [lobby] has connected
[12:31:25] [Netty Worker IO Thread #1/INFO] [EaglercraftXBungee]: [/[0:0:0:0:0:0:0:1%0]:42086]: Connected via websocket
[12:31:25] [Netty Worker IO Thread #1/INFO] [EaglercraftXBungee]: [/[0:0:0:0:0:0:0:1%0]:42086]: Origin header is null
[12:31:25] [Netty Worker IO Thread #1/INFO] [EaglercraftXBungee]: [/[0:0:0:0:0:0:0:1%0]:42086]: Logged in as 'Hamzah898933_'
[12:31:25] [Netty Worker IO Thread #1/INFO]: [/[0:0:0:0:0:0:0:1%0]:42086|Hamzah898933_] -> UpstreamBridge has connected
[12:31:25] [Netty Worker IO Thread #1/INFO]: [Hamzah898933_|/[0:0:0:0:0:0:0:1%0]:42086] <-> ServerConnector [lobby] has connected
[12:34:52] [Netty Worker IO Thread #5/INFO] [EaglercraftXBungee]: [/[0:0:0:0:0:0:0:1%0]:33136]: Connected via websocket
[12:34:52] [Netty Worker IO Thread #5/INFO] [EaglercraftXBungee]: [/[0:0:0:0:0:0:0:1%0]:33136]: Origin header is null
[12:34:52] [Netty Worker IO Thread #5/INFO] [EaglercraftXBungee]: [/[0:0:0:0:0:0:0:1%0]:33136]: Logged in as 'jose'
[12:34:52] [Netty Worker IO Thread #5/INFO]: [/[0:0:0:0:0:0:0:1%0]:33136|jose] -> UpstreamBridge has connected
[12:34:52] [Netty Worker IO Thread #5/INFO]: [jose|/[0:0:0:0:0:0:0:1%0]:33136] <-> ServerConnector [lobby] has connected
[12:34:52] [Netty Worker IO Thread #6/INFO] [EaglercraftXBungee]: [/[0:0:0:0:0:0:0:1%0]:33142]: Connected via websocket
[12:34:52] [Netty Worker IO Thread #6/INFO] [EaglercraftXBungee]: [/[0:0:0:0:0:0:0:1%0]:33142]: Origin header is null
[12:34:52] [Netty Worker IO Thread #6/INFO] [EaglercraftXBungee]: [/[0:0:0:0:0:0:0:1%0]:33142]: Logged in as 'Rafael'
[12:34:52] [Netty Worker IO Thread #6/INFO]: [/[0:0:0:0:0:0:0:1%0]:33142|Rafael] -> UpstreamBridge has connected
[12:34:52] [Netty Worker IO Thread #6/INFO]: [Rafael|/[0:0:0:0:0:0:0:1%0]:33142] <-> ServerConnector [lobby] has connected
[12:35:00] [Netty Worker IO Thread #1/INFO]: [Hamzah898933_] disconnected with: Proxy lost connection to server.
[12:35:00] [Netty Worker IO Thread #1/INFO]: [/[0:0:0:0:0:0:0:1%0]:42086|Hamzah898933_] <-> DownstreamBridge <-> [lobby] has disconnected
[12:35:00] [Netty Worker IO Thread #1/INFO]: [/[0:0:0:0:0:0:0:1%0]:42086|Hamzah898933_] -> UpstreamBridge has disconnected
[12:35:36] [Netty Worker IO Thread #0/INFO] [EaglercraftXBungee]: [/[0:0:0:0:0:0:0:1%0]:44574]: Connected via websocket
[12:35:36] [Netty Worker IO Thread #0/INFO] [EaglercraftXBungee]: [/[0:0:0:0:0:0:0:1%0]:44574]: Origin header is null
[12:35:36] [Netty Worker IO Thread #0/INFO] [EaglercraftXBungee]: [/[0:0:0:0:0:0:0:1%0]:44574]: Logged in as 'cris00'
[12:35:36] [Netty Worker IO Thread #0/INFO]: [/[0:0:0:0:0:0:0:1%0]:44574|cris00] -> UpstreamBridge has connected
[12:35:36] [Netty Worker IO Thread #0/INFO]: [cris00|/[0:0:0:0:0:0:0:1%0]:44574] <-> ServerConnector [lobby] has connected
[12:39:14] [Netty Worker IO Thread #1/INFO] [EaglercraftXBungee]: [/[0:0:0:0:0:0:0:1%0]:57204]: Connected via websocket
[12:39:14] [Netty Worker IO Thread #1/INFO] [EaglercraftXBungee]: [/[0:0:0:0:0:0:0:1%0]:57204]: Origin header is null
[12:39:14] [Netty Worker IO Thread #1/INFO] [EaglercraftXBungee]: [/[0:0:0:0:0:0:0:1%0]:57204]: Logged in as 'HeLLo'
[12:39:14] [Netty Worker IO Thread #1/INFO]: [/[0:0:0:0:0:0:0:1%0]:57204|HeLLo] -> UpstreamBridge has connected
[12:39:14] [Netty Worker IO Thread #1/INFO]: [HeLLo|/[0:0:0:0:0:0:0:1%0]:57204] <-> ServerConnector [lobby] has connected
[12:40:26] [Netty Worker IO Thread #5/INFO]: [/[0:0:0:0:0:0:0:1%0]:33136|jose] -> UpstreamBridge has disconnected
[12:40:26] [Netty Worker IO Thread #5/INFO]: [jose] disconnected with: Proxy lost connection to server.
[12:40:26] [Netty Worker IO Thread #5/INFO]: [/[0:0:0:0:0:0:0:1%0]:33136|jose] <-> DownstreamBridge <-> [lobby] has disconnected
[12:40:46] [Netty Worker IO Thread #3/INFO] [EaglercraftXBungee]: [/[0:0:0:0:0:0:0:1%0]:56826]: Connected via websocket
[12:40:46] [Netty Worker IO Thread #3/INFO] [EaglercraftXBungee]: [/[0:0:0:0:0:0:0:1%0]:56826]: Origin header is null
[12:40:46] [Netty Worker IO Thread #3/INFO] [EaglercraftXBungee]: [/[0:0:0:0:0:0:0:1%0]:56826]: Logged in as 'Hamzah898933_'
[12:40:46] [Netty Worker IO Thread #3/INFO]: [/[0:0:0:0:0:0:0:1%0]:56826|Hamzah898933_] -> UpstreamBridge has connected
[12:40:46] [Netty Worker IO Thread #3/INFO]: [Hamzah898933_|/[0:0:0:0:0:0:0:1%0]:56826] <-> ServerConnector [lobby] has connected
[12:40:55] [Netty Worker IO Thread #5/INFO] [EaglercraftXBungee]: [/[0:0:0:0:0:0:0:1%0]:56844]: Connected via websocket
[12:40:55] [Netty Worker IO Thread #5/INFO] [EaglercraftXBungee]: [/[0:0:0:0:0:0:0:1%0]:56844]: Origin header is null
[12:40:55] [Netty Worker IO Thread #5/INFO] [EaglercraftXBungee]: [/[0:0:0:0:0:0:0:1%0]:56844]: Logged in as 'Sir_Diddy'
[12:40:55] [Netty Worker IO Thread #5/INFO]: [/[0:0:0:0:0:0:0:1%0]:56844|Sir_Diddy] -> UpstreamBridge has connected
[12:40:55] [Netty Worker IO Thread #5/INFO]: [Sir_Diddy|/[0:0:0:0:0:0:0:1%0]:56844] <-> ServerConnector [lobby] has connected
[12:43:49] [Netty Worker IO Thread #7/INFO] [EaglercraftXBungee]: [/[0:0:0:0:0:0:0:1%0]:44254]: Connected via websocket
[12:43:49] [Netty Worker IO Thread #7/INFO] [EaglercraftXBungee]: [/[0:0:0:0:0:0:0:1%0]:44254]: Origin header is null
[12:43:49] [Netty Worker IO Thread #7/INFO] [EaglercraftXBungee]: [/[0:0:0:0:0:0:0:1%0]:44254]: Logged in as 'KKK'
[12:43:49] [Netty Worker IO Thread #7/INFO]: [/[0:0:0:0:0:0:0:1%0]:44254|KKK] -> UpstreamBridge has connected
[12:43:49] [Netty Worker IO Thread #7/INFO]: [KKK|/[0:0:0:0:0:0:0:1%0]:44254] <-> ServerConnector [lobby] has connected
[12:44:23] [Netty Worker IO Thread #7/INFO]: [/[0:0:0:0:0:0:0:1%0]:44254|KKK] -> UpstreamBridge has disconnected
[12:44:23] [Netty Worker IO Thread #7/INFO]: [KKK] disconnected with: Proxy lost connection to server.
[12:44:23] [Netty Worker IO Thread #7/INFO]: [/[0:0:0:0:0:0:0:1%0]:44254|KKK] <-> DownstreamBridge <-> [lobby] has disconnected
[12:44:45] [Netty Worker IO Thread #0/INFO] [EaglercraftXBungee]: [/[0:0:0:0:0:0:0:1%0]:54208]: Connected via websocket
[12:44:45] [Netty Worker IO Thread #0/INFO] [EaglercraftXBungee]: [/[0:0:0:0:0:0:0:1%0]:54208]: Origin header is null
[12:44:45] [Netty Worker IO Thread #0/INFO] [EaglercraftXBungee]: [/[0:0:0:0:0:0:0:1%0]:54208]: Logged in as 'Sasuke'
[12:44:45] [Netty Worker IO Thread #0/INFO]: [/[0:0:0:0:0:0:0:1%0]:54208|Sasuke] -> UpstreamBridge has connected
[12:44:45] [Netty Worker IO Thread #0/INFO]: [Sasuke|/[0:0:0:0:0:0:0:1%0]:54208] <-> ServerConnector [lobby] has connected
[12:45:07] [Netty Worker IO Thread #0/INFO]: [Adam8989333] disconnected with: Proxy lost connection to server.
[12:45:07] [Netty Worker IO Thread #0/INFO]: [/[0:0:0:0:0:0:0:1%0]:47438|Adam8989333] <-> DownstreamBridge <-> [lobby] has disconnected
[12:45:07] [Netty Worker IO Thread #0/INFO]: [/[0:0:0:0:0:0:0:1%0]:47438|Adam8989333] -> UpstreamBridge has disconnected
[12:46:05] [Netty Worker IO Thread #0/INFO]: [Sasuke] disconnected with: You have been banned:
The Ban Hammer has spoken!
[12:46:05] [Netty Worker IO Thread #0/INFO]: [/[0:0:0:0:0:0:0:1%0]:54208|Sasuke] -> UpstreamBridge has disconnected
[12:46:05] [Netty Worker IO Thread #0/INFO]: [/[0:0:0:0:0:0:0:1%0]:54208|Sasuke] <-> DownstreamBridge <-> [lobby] has disconnected
[12:46:12] [Netty Worker IO Thread #3/INFO]: [/[0:0:0:0:0:0:0:1%0]:56826|Hamzah898933_] -> UpstreamBridge has disconnected
[12:46:12] [Netty Worker IO Thread #3/INFO]: [Hamzah898933_] disconnected with: Proxy lost connection to server.
[12:46:12] [Netty Worker IO Thread #3/INFO]: [/[0:0:0:0:0:0:0:1%0]:56826|Hamzah898933_] <-> DownstreamBridge <-> [lobby] has disconnected
[12:46:29] [Netty Worker IO Thread #3/INFO] [EaglercraftXBungee]: [/[0:0:0:0:0:0:0:1%0]:59180]: Connected via websocket
[12:46:29] [Netty Worker IO Thread #3/INFO] [EaglercraftXBungee]: [/[0:0:0:0:0:0:0:1%0]:59180]: Origin header is null
[12:46:29] [Netty Worker IO Thread #4/INFO] [EaglercraftXBungee]: [/[0:0:0:0:0:0:0:1%0]:59186]: Connected via websocket
[12:46:29] [Netty Worker IO Thread #4/INFO] [EaglercraftXBungee]: [/[0:0:0:0:0:0:0:1%0]:59186]: Origin header is null
[12:46:29] [Netty Worker IO Thread #3/INFO] [EaglercraftXBungee]: [/[0:0:0:0:0:0:0:1%0]:59180]: Logged in as 'Sasuke'
[12:46:29] [Netty Worker IO Thread #3/INFO]: [/[0:0:0:0:0:0:0:1%0]:59180|Sasuke] -> UpstreamBridge has connected
[12:46:29] [Netty Worker IO Thread #3/INFO]: [Sasuke|/[0:0:0:0:0:0:0:1%0]:59180] <-> ServerConnector [lobby] has connected
[12:46:29] [Netty Worker IO Thread #4/INFO] [EaglercraftXBungee]: [/[0:0:0:0:0:0:0:1%0]:59186]: Logged in as 'Hamzah898933_'
[12:46:29] [Netty Worker IO Thread #4/INFO]: [/[0:0:0:0:0:0:0:1%0]:59186|Hamzah898933_] -> UpstreamBridge has connected
[12:46:29] [Netty Worker IO Thread #4/INFO]: [Hamzah898933_|/[0:0:0:0:0:0:0:1%0]:59186] <-> ServerConnector [lobby] has connected
[12:46:29] [Netty Worker IO Thread #3/INFO]: [Sasuke] disconnected with: Kicked whilst connecting to lobby: You are banned from this server. Reason: The Ban Hammer has spoken!
[12:46:29] [Netty Worker IO Thread #3/INFO]: [/[0:0:0:0:0:0:0:1%0]:59180|Sasuke] -> UpstreamBridge has disconnected
[12:46:29] [Netty Worker IO Thread #3/INFO]: [Sasuke|/[0:0:0:0:0:0:0:1%0]:59180] <-> ServerConnector [lobby] has disconnected
[12:47:02] [Netty Worker IO Thread #5/INFO] [EaglercraftXBungee]: [/[0:0:0:0:0:0:0:1%0]:33768]: Connected via websocket
[12:47:02] [Netty Worker IO Thread #5/INFO] [EaglercraftXBungee]: [/[0:0:0:0:0:0:0:1%0]:33768]: Origin header is null
[12:47:02] [Netty Worker IO Thread #5/INFO] [EaglercraftXBungee]: [/[0:0:0:0:0:0:0:1%0]:33768]: Logged in as 'Sasuke'
[12:47:02] [Netty Worker IO Thread #5/INFO]: [/[0:0:0:0:0:0:0:1%0]:33768|Sasuke] -> UpstreamBridge has connected
[12:47:02] [Netty Worker IO Thread #5/INFO]: [Sasuke|/[0:0:0:0:0:0:0:1%0]:33768] <-> ServerConnector [lobby] has connected
[12:47:14] [Netty Worker IO Thread #7/INFO] [EaglercraftXBungee]: [/[0:0:0:0:0:0:0:1%0]:48342]: Connected via websocket
[12:47:14] [Netty Worker IO Thread #7/INFO] [EaglercraftXBungee]: [/[0:0:0:0:0:0:0:1%0]:48342]: Origin header is null
[12:47:14] [Netty Worker IO Thread #7/INFO] [EaglercraftXBungee]: [/[0:0:0:0:0:0:0:1%0]:48342]: Logged in as 'jellybean21'
[12:47:14] [Netty Worker IO Thread #7/INFO]: [/[0:0:0:0:0:0:0:1%0]:48342|jellybean21] -> UpstreamBridge has connected
[12:47:14] [Netty Worker IO Thread #7/INFO]: [jellybean21|/[0:0:0:0:0:0:0:1%0]:48342] <-> ServerConnector [lobby] has connected
[12:49:36] [Netty Worker IO Thread #4/INFO]: [/[0:0:0:0:0:0:0:1%0]:59186|Hamzah898933_] -> UpstreamBridge has disconnected
[12:49:36] [Netty Worker IO Thread #4/INFO]: [Hamzah898933_] disconnected with: Proxy lost connection to server.
[12:49:36] [Netty Worker IO Thread #4/INFO]: [/[0:0:0:0:0:0:0:1%0]:59186|Hamzah898933_] <-> DownstreamBridge <-> [lobby] has disconnected
[12:49:37] [Netty Worker IO Thread #2/INFO] [EaglercraftXBungee]: [/[0:0:0:0:0:0:0:1%0]:40912]: Connected via websocket
[12:49:37] [Netty Worker IO Thread #2/INFO] [EaglercraftXBungee]: [/[0:0:0:0:0:0:0:1%0]:40912]: Origin header is null
[12:49:37] [Netty Worker IO Thread #2/INFO] [EaglercraftXBungee]: [/[0:0:0:0:0:0:0:1%0]:40912]: Logged in as 'Hamzah898933_'
[12:49:37] [Netty Worker IO Thread #2/INFO]: [/[0:0:0:0:0:0:0:1%0]:40912|Hamzah898933_] -> UpstreamBridge has connected
[12:49:37] [Netty Worker IO Thread #2/INFO]: [Hamzah898933_|/[0:0:0:0:0:0:0:1%0]:40912] <-> ServerConnector [lobby] has connected
[12:50:23] [Netty Worker IO Thread #3/INFO]: [Isiss] disconnected with: Proxy lost connection to server.
[12:50:23] [Netty Worker IO Thread #3/INFO]: [/[0:0:0:0:0:0:0:1%0]:53868|Isiss] <-> DownstreamBridge <-> [lobby] has disconnected
[12:50:23] [Netty Worker IO Thread #3/INFO]: [/[0:0:0:0:0:0:0:1%0]:53868|Isiss] -> UpstreamBridge has disconnected
[12:50:42] [Netty Worker IO Thread #3/INFO] [EaglercraftXBungee]: [/[0:0:0:0:0:0:0:1%0]:51788]: Connected via websocket
[12:50:42] [Netty Worker IO Thread #3/INFO] [EaglercraftXBungee]: [/[0:0:0:0:0:0:0:1%0]:51788]: Origin header is null
[12:50:42] [Netty Worker IO Thread #3/INFO] [EaglercraftXBungee]: [/[0:0:0:0:0:0:0:1%0]:51788]: Logged in as 'Isiss'
[12:50:42] [Netty Worker IO Thread #3/INFO]: [/[0:0:0:0:0:0:0:1%0]:51788|Isiss] -> UpstreamBridge has connected
[12:50:42] [Netty Worker IO Thread #3/INFO]: [Isiss|/[0:0:0:0:0:0:0:1%0]:51788] <-> ServerConnector [lobby] has connected
[12:50:52] [Netty Worker IO Thread #5/INFO] [EaglercraftXBungee]: [/[0:0:0:0:0:0:0:1%0]:46646]: Connected via websocket
[12:50:52] [Netty Worker IO Thread #5/INFO] [EaglercraftXBungee]: [/[0:0:0:0:0:0:0:1%0]:46646]: Origin header is null
[12:50:52] [Netty Worker IO Thread #5/INFO] [EaglercraftXBungee]: [/[0:0:0:0:0:0:0:1%0]:46646]: Logged in as 'kev'
[12:50:52] [Netty Worker IO Thread #5/INFO]: [/[0:0:0:0:0:0:0:1%0]:46646|kev] -> UpstreamBridge has connected
[12:50:52] [Netty Worker IO Thread #5/INFO]: [kev|/[0:0:0:0:0:0:0:1%0]:46646] <-> ServerConnector [lobby] has connected
[12:51:56] [Netty Worker IO Thread #2/INFO]: [/[0:0:0:0:0:0:0:1%0]:40912|Hamzah898933_] -> UpstreamBridge has disconnected
[12:51:56] [Netty Worker IO Thread #2/INFO]: [Hamzah898933_] disconnected with: Proxy lost connection to server.
[12:51:56] [Netty Worker IO Thread #2/INFO]: [/[0:0:0:0:0:0:0:1%0]:40912|Hamzah898933_] <-> DownstreamBridge <-> [lobby] has disconnected
[12:51:58] [Netty Worker IO Thread #7/INFO] [EaglercraftXBungee]: [/[0:0:0:0:0:0:0:1%0]:39378]: Connected via websocket
[12:51:58] [Netty Worker IO Thread #7/INFO] [EaglercraftXBungee]: [/[0:0:0:0:0:0:0:1%0]:39378]: Origin header is null
[12:51:58] [Netty Worker IO Thread #7/INFO] [EaglercraftXBungee]: [/[0:0:0:0:0:0:0:1%0]:39378]: Logged in as 'Hamzah898933_'
[12:51:58] [Netty Worker IO Thread #7/INFO]: [/[0:0:0:0:0:0:0:1%0]:39378|Hamzah898933_] -> UpstreamBridge has connected
[12:51:58] [Netty Worker IO Thread #7/INFO]: [Hamzah898933_|/[0:0:0:0:0:0:0:1%0]:39378] <-> ServerConnector [lobby] has connected
[12:52:19] [Netty Worker IO Thread #1/INFO] [EaglercraftXBungee]: [/[0:0:0:0:0:0:0:1%0]:35508]: Connected via websocket
[12:52:19] [Netty Worker IO Thread #1/INFO] [EaglercraftXBungee]: [/[0:0:0:0:0:0:0:1%0]:35508]: Origin header is null
[12:52:20] [Netty Worker IO Thread #1/INFO] [EaglercraftXBungee]: [/[0:0:0:0:0:0:0:1%0]:35508]: Logged in as 'Dabi'
[12:52:20] [Netty Worker IO Thread #1/INFO]: [/[0:0:0:0:0:0:0:1%0]:35508|Dabi] -> UpstreamBridge has connected
[12:52:20] [Netty Worker IO Thread #1/INFO]: [Dabi|/[0:0:0:0:0:0:0:1%0]:35508] <-> ServerConnector [lobby] has connected
[12:52:50] [Netty Worker IO Thread #1/INFO]: [Dabi] disconnected with: Login timed out!
[12:52:50] [Netty Worker IO Thread #1/INFO]: [/[0:0:0:0:0:0:0:1%0]:35508|Dabi] -> UpstreamBridge has disconnected
[12:52:50] [Netty Worker IO Thread #1/INFO]: [/[0:0:0:0:0:0:0:1%0]:35508|Dabi] <-> DownstreamBridge <-> [lobby] has disconnected
[12:53:00] [Netty Worker IO Thread #2/INFO] [EaglercraftXBungee]: [/[0:0:0:0:0:0:0:1%0]:42018]: Connected via websocket
[12:53:00] [Netty Worker IO Thread #2/INFO] [EaglercraftXBungee]: [/[0:0:0:0:0:0:0:1%0]:42018]: Origin header is null
[12:53:00] [Netty Worker IO Thread #2/INFO] [EaglercraftXBungee]: [/[0:0:0:0:0:0:0:1%0]:42018]: Logged in as 'Dabi'
[12:53:00] [Netty Worker IO Thread #2/INFO]: [/[0:0:0:0:0:0:0:1%0]:42018|Dabi] -> UpstreamBridge has connected
[12:53:00] [Netty Worker IO Thread #2/INFO]: [Dabi|/[0:0:0:0:0:0:0:1%0]:42018] <-> ServerConnector [lobby] has connected
[12:53:17] [Netty Worker IO Thread #5/INFO]: [Sir_Diddy] disconnected with: Proxy lost connection to server.
[12:53:17] [Netty Worker IO Thread #5/INFO]: [/[0:0:0:0:0:0:0:1%0]:56844|Sir_Diddy] <-> DownstreamBridge <-> [lobby] has disconnected
[12:53:17] [Netty Worker IO Thread #5/INFO]: [/[0:0:0:0:0:0:0:1%0]:56844|Sir_Diddy] -> UpstreamBridge has disconnected
[12:53:58] [Netty Worker IO Thread #2/INFO]: [/[0:0:0:0:0:0:0:1%0]:42018|Dabi] -> UpstreamBridge has disconnected
[12:53:58] [Netty Worker IO Thread #2/INFO]: [Dabi] disconnected with: Proxy lost connection to server.
[12:53:58] [Netty Worker IO Thread #2/INFO]: [/[0:0:0:0:0:0:0:1%0]:42018|Dabi] <-> DownstreamBridge <-> [lobby] has disconnected
[12:54:18] [Netty Worker IO Thread #5/INFO]: [Sasuke] disconnected with: Proxy lost connection to server.
[12:54:18] [Netty Worker IO Thread #5/INFO]: [/[0:0:0:0:0:0:0:1%0]:33768|Sasuke] <-> DownstreamBridge <-> [lobby] has disconnected
[12:54:18] [Netty Worker IO Thread #5/INFO]: [/[0:0:0:0:0:0:0:1%0]:33768|Sasuke] -> UpstreamBridge has disconnected
[12:55:10] [Netty Worker IO Thread #4/INFO] [EaglercraftXBungee]: [/[0:0:0:0:0:0:0:1%0]:53250]: Connected via websocket
[12:55:10] [Netty Worker IO Thread #4/INFO] [EaglercraftXBungee]: [/[0:0:0:0:0:0:0:1%0]:53250]: Origin header is null
[12:55:10] [Netty Worker IO Thread #4/INFO] [EaglercraftXBungee]: [/[0:0:0:0:0:0:0:1%0]:53250]: Logged in as 'v2_'
[12:55:10] [Netty Worker IO Thread #4/INFO]: [/[0:0:0:0:0:0:0:1%0]:53250|v2_] -> UpstreamBridge has connected
[12:55:10] [Netty Worker IO Thread #4/INFO]: [v2_|/[0:0:0:0:0:0:0:1%0]:53250] <-> ServerConnector [lobby] has connected
[12:55:11] [Netty Worker IO Thread #4/INFO]: [v2_] disconnected with: Kicked whilst connecting to lobby: [LoginSecurity] This account is registered under the name V2_, please log in as such.
[12:55:11] [Netty Worker IO Thread #4/INFO]: [/[0:0:0:0:0:0:0:1%0]:53250|v2_] -> UpstreamBridge has disconnected
[12:55:11] [Netty Worker IO Thread #4/INFO]: [v2_|/[0:0:0:0:0:0:0:1%0]:53250] <-> ServerConnector [lobby] has disconnected
[12:55:30] [Netty Worker IO Thread #7/INFO] [EaglercraftXBungee]: [/[0:0:0:0:0:0:0:1%0]:50370]: Connected via websocket
[12:55:30] [Netty Worker IO Thread #7/INFO] [EaglercraftXBungee]: [/[0:0:0:0:0:0:0:1%0]:50370]: Origin header is null
[12:55:30] [Netty Worker IO Thread #7/INFO] [EaglercraftXBungee]: [/[0:0:0:0:0:0:0:1%0]:50370]: Logged in as 'V2_'
[12:55:30] [Netty Worker IO Thread #7/INFO]: [/[0:0:0:0:0:0:0:1%0]:50370|V2_] -> UpstreamBridge has connected
[12:55:30] [Netty Worker IO Thread #7/INFO]: [V2_|/[0:0:0:0:0:0:0:1%0]:50370] <-> ServerConnector [lobby] has connected
[12:56:22] [Netty Worker IO Thread #1/INFO] [EaglercraftXBungee]: [/[0:0:0:0:0:0:0:1%0]:40284]: Connected via websocket
[12:56:22] [Netty Worker IO Thread #1/INFO] [EaglercraftXBungee]: [/[0:0:0:0:0:0:0:1%0]:40284]: Origin header is null
[12:56:22] [Netty Worker IO Thread #1/INFO] [EaglercraftXBungee]: [/[0:0:0:0:0:0:0:1%0]:40284]: Logged in as 'jose'
[12:56:22] [Netty Worker IO Thread #1/INFO]: [/[0:0:0:0:0:0:0:1%0]:40284|jose] -> UpstreamBridge has connected
[12:56:22] [Netty Worker IO Thread #1/INFO]: [jose|/[0:0:0:0:0:0:0:1%0]:40284] <-> ServerConnector [lobby] has connected
[12:56:48] [Netty Worker IO Thread #7/INFO]: [/[0:0:0:0:0:0:0:1%0]:39378|Hamzah898933_] -> UpstreamBridge has disconnected
[12:56:48] [Netty Worker IO Thread #7/INFO]: [Hamzah898933_] disconnected with: Proxy lost connection to server.
[12:56:48] [Netty Worker IO Thread #7/INFO]: [/[0:0:0:0:0:0:0:1%0]:39378|Hamzah898933_] <-> DownstreamBridge <-> [lobby] has disconnected
[12:57:07] [Netty Worker IO Thread #5/INFO] [EaglercraftXBungee]: [/[0:0:0:0:0:0:0:1%0]:48002]: Connected via websocket
[12:57:07] [Netty Worker IO Thread #5/INFO] [EaglercraftXBungee]: [/[0:0:0:0:0:0:0:1%0]:48002]: Origin header is null
[12:57:07] [Netty Worker IO Thread #5/INFO] [EaglercraftXBungee]: [/[0:0:0:0:0:0:0:1%0]:48002]: Logged in as 'Adam8989333'
[12:57:07] [Netty Worker IO Thread #5/INFO]: [/[0:0:0:0:0:0:0:1%0]:48002|Adam8989333] -> UpstreamBridge has connected
[12:57:07] [Netty Worker IO Thread #5/INFO]: [Adam8989333|/[0:0:0:0:0:0:0:1%0]:48002] <-> ServerConnector [lobby] has connected
[12:59:25] [Netty Worker IO Thread #5/INFO]: [Adam8989333] disconnected with: Proxy lost connection to server.
[12:59:25] [Netty Worker IO Thread #5/INFO]: [/[0:0:0:0:0:0:0:1%0]:48002|Adam8989333] <-> DownstreamBridge <-> [lobby] has disconnected
[12:59:25] [Netty Worker IO Thread #5/INFO]: [/[0:0:0:0:0:0:0:1%0]:48002|Adam8989333] -> UpstreamBridge has disconnected
[12:59:35] [Netty Worker IO Thread #6/INFO] [EaglercraftXBungee]: [/[0:0:0:0:0:0:0:1%0]:36076]: Connected via websocket
[12:59:35] [Netty Worker IO Thread #6/INFO] [EaglercraftXBungee]: [/[0:0:0:0:0:0:0:1%0]:36076]: Origin header is null
[12:59:35] [Netty Worker IO Thread #6/INFO] [EaglercraftXBungee]: [/[0:0:0:0:0:0:0:1%0]:36076]: Logged in as 'Hamzah898933_'
[12:59:35] [Netty Worker IO Thread #6/INFO]: [/[0:0:0:0:0:0:0:1%0]:36076|Hamzah898933_] -> UpstreamBridge has connected
[12:59:35] [Netty Worker IO Thread #6/INFO]: [Hamzah898933_|/[0:0:0:0:0:0:0:1%0]:36076] <-> ServerConnector [lobby] has connected
[13:01:11] [Netty Worker IO Thread #7/INFO] [EaglercraftXBungee]: [/[0:0:0:0:0:0:0:1%0]:33226]: Connected via websocket
[13:01:11] [Netty Worker IO Thread #7/INFO] [EaglercraftXBungee]: [/[0:0:0:0:0:0:0:1%0]:33226]: Origin header is null
[13:01:11] [Netty Worker IO Thread #7/INFO] [EaglercraftXBungee]: [/[0:0:0:0:0:0:0:1%0]:33226]: Logged in as 'Adam8989333'
[13:01:11] [Netty Worker IO Thread #7/INFO]: [/[0:0:0:0:0:0:0:1%0]:33226|Adam8989333] -> UpstreamBridge has connected
[13:01:11] [Netty Worker IO Thread #7/INFO]: [Adam8989333|/[0:0:0:0:0:0:0:1%0]:33226] <-> ServerConnector [lobby] has connected
[13:01:57] [Netty Worker IO Thread #7/INFO]: [/[0:0:0:0:0:0:0:1%0]:50370|V2_] -> UpstreamBridge has disconnected
[13:01:57] [Netty Worker IO Thread #7/INFO]: [V2_] disconnected with: Proxy lost connection to server.
[13:01:57] [Netty Worker IO Thread #7/INFO]: [/[0:0:0:0:0:0:0:1%0]:50370|V2_] <-> DownstreamBridge <-> [lobby] has disconnected
[13:05:17] [Netty Worker IO Thread #1/INFO]: [/[0:0:0:0:0:0:0:1%0]:40284|jose] -> UpstreamBridge has disconnected
[13:05:17] [Netty Worker IO Thread #1/INFO]: [jose] disconnected with: Proxy lost connection to server.
[13:05:17] [Netty Worker IO Thread #1/INFO]: [/[0:0:0:0:0:0:0:1%0]:40284|jose] <-> DownstreamBridge <-> [lobby] has disconnected
[13:05:21] [Netty Worker IO Thread #6/INFO]: [/[0:0:0:0:0:0:0:1%0]:33142|Rafael] -> UpstreamBridge has disconnected
[13:05:21] [Netty Worker IO Thread #6/INFO]: [Rafael] disconnected with: Proxy lost connection to server.
[13:05:21] [Netty Worker IO Thread #6/INFO]: [/[0:0:0:0:0:0:0:1%0]:33142|Rafael] <-> DownstreamBridge <-> [lobby] has disconnected
[13:06:29] [Netty Worker IO Thread #5/INFO]: [/[0:0:0:0:0:0:0:1%0]:46646|kev] -> UpstreamBridge has disconnected
[13:06:29] [Netty Worker IO Thread #5/INFO]: [kev] disconnected with: Proxy lost connection to server.
[13:06:29] [Netty Worker IO Thread #5/INFO]: [/[0:0:0:0:0:0:0:1%0]:46646|kev] <-> DownstreamBridge <-> [lobby] has disconnected
[13:07:14] [Netty Worker IO Thread #1/INFO]: [/[0:0:0:0:0:0:0:1%0]:57204|HeLLo] -> UpstreamBridge has disconnected
[13:07:14] [Netty Worker IO Thread #1/INFO]: [HeLLo] disconnected with: Proxy lost connection to server.
[13:07:14] [Netty Worker IO Thread #1/INFO]: [/[0:0:0:0:0:0:0:1%0]:57204|HeLLo] <-> DownstreamBridge <-> [lobby] has disconnected
[13:07:59] [Netty Worker IO Thread #0/INFO]: [/[0:0:0:0:0:0:0:1%0]:44574|cris00] -> UpstreamBridge has disconnected
[13:07:59] [Netty Worker IO Thread #0/INFO]: [cris00] disconnected with: Proxy lost connection to server.
[13:07:59] [Netty Worker IO Thread #0/INFO]: [/[0:0:0:0:0:0:0:1%0]:44574|cris00] <-> DownstreamBridge <-> [lobby] has disconnected
[13:08:17] [Netty Worker IO Thread #3/INFO]: [/[0:0:0:0:0:0:0:1%0]:51788|Isiss] -> UpstreamBridge has disconnected
[13:08:17] [Netty Worker IO Thread #3/INFO]: [Isiss] disconnected with: Proxy lost connection to server.
[13:08:17] [Netty Worker IO Thread #3/INFO]: [/[0:0:0:0:0:0:0:1%0]:51788|Isiss] <-> DownstreamBridge <-> [lobby] has disconnected
[13:08:22] [Netty Worker IO Thread #7/INFO]: [/[0:0:0:0:0:0:0:1%0]:48342|jellybean21] -> UpstreamBridge has disconnected
[13:08:22] [Netty Worker IO Thread #7/INFO]: [jellybean21] disconnected with: Proxy lost connection to server.
[13:08:22] [Netty Worker IO Thread #7/INFO]: [/[0:0:0:0:0:0:0:1%0]:48342|jellybean21] <-> DownstreamBridge <-> [lobby] has disconnected
[13:08:41] [Netty Worker IO Thread #6/INFO]: [/[0:0:0:0:0:0:0:1%0]:36076|Hamzah898933_] -> UpstreamBridge has disconnected
[13:08:41] [Netty Worker IO Thread #6/INFO]: [Hamzah898933_] disconnected with: Proxy lost connection to server.
[13:08:41] [Netty Worker IO Thread #6/INFO]: [/[0:0:0:0:0:0:0:1%0]:36076|Hamzah898933_] <-> DownstreamBridge <-> [lobby] has disconnected
[13:08:56] [Netty Worker IO Thread #7/INFO]: [/[0:0:0:0:0:0:0:1%0]:33226|Adam8989333] -> UpstreamBridge has disconnected
[13:08:56] [Netty Worker IO Thread #7/INFO]: [Adam8989333] disconnected with: Proxy lost connection to server.
[13:08:56] [Netty Worker IO Thread #7/INFO]: [/[0:0:0:0:0:0:0:1%0]:33226|Adam8989333] <-> DownstreamBridge <-> [lobby] has disconnected
[13:14:43] [Netty Worker IO Thread #2/INFO] [EaglercraftXBungee]: [/[0:0:0:0:0:0:0:1%0]:36398]: Connected via websocket
[13:14:43] [Netty Worker IO Thread #2/INFO] [EaglercraftXBungee]: [/[0:0:0:0:0:0:0:1%0]:36398]: Origin header is null
[13:14:43] [Netty Worker IO Thread #2/INFO] [EaglercraftXBungee]: [/[0:0:0:0:0:0:0:1%0]:36398]: Logged in as 'kev'
[13:14:43] [Netty Worker IO Thread #2/INFO]: [/[0:0:0:0:0:0:0:1%0]:36398|kev] -> UpstreamBridge has connected
[13:14:43] [Netty Worker IO Thread #2/INFO]: [kev|/[0:0:0:0:0:0:0:1%0]:36398] <-> ServerConnector [lobby] has connected
[13:17:24] [Netty Worker IO Thread #4/INFO] [EaglercraftXBungee]: [/[0:0:0:0:0:0:0:1%0]:37652]: Connected via websocket
[13:17:24] [Netty Worker IO Thread #4/INFO] [EaglercraftXBungee]: [/[0:0:0:0:0:0:0:1%0]:37652]: Origin header is https://eaglercraft.com
[13:17:24] [Netty Worker IO Thread #4/INFO] [EaglercraftXBungee]: [/[0:0:0:0:0:0:0:1%0]:37652]: Logged in as 'cris00'
[13:17:24] [Netty Worker IO Thread #4/INFO]: [/[0:0:0:0:0:0:0:1%0]:37652|cris00] -> UpstreamBridge has connected
[13:17:24] [Netty Worker IO Thread #4/INFO]: [cris00|/[0:0:0:0:0:0:0:1%0]:37652] <-> ServerConnector [lobby] has connected
[13:17:43] [Netty Worker IO Thread #4/INFO]: [/[0:0:0:0:0:0:0:1%0]:37652|cris00] -> UpstreamBridge has disconnected
[13:17:43] [Netty Worker IO Thread #4/INFO]: [cris00] disconnected with: Proxy lost connection to server.
[13:17:43] [Netty Worker IO Thread #4/INFO]: [/[0:0:0:0:0:0:0:1%0]:37652|cris00] <-> DownstreamBridge <-> [lobby] has disconnected
[13:18:00] [Netty Worker IO Thread #6/INFO] [EaglercraftXBungee]: [/[0:0:0:0:0:0:0:1%0]:40902]: Connected via websocket
[13:18:00] [Netty Worker IO Thread #6/INFO] [EaglercraftXBungee]: [/[0:0:0:0:0:0:0:1%0]:40902]: Origin header is https://eaglercraft.com
[13:18:01] [Netty Worker IO Thread #6/INFO] [EaglercraftXBungee]: [/[0:0:0:0:0:0:0:1%0]:40902]: Logged in as 'cris00'
[13:18:01] [Netty Worker IO Thread #6/INFO]: [/[0:0:0:0:0:0:0:1%0]:40902|cris00] -> UpstreamBridge has connected
[13:18:01] [Netty Worker IO Thread #6/INFO]: [cris00|/[0:0:0:0:0:0:0:1%0]:40902] <-> ServerConnector [lobby] has connected
[13:19:23] [Netty Worker IO Thread #0/INFO] [EaglercraftXBungee]: [/[0:0:0:0:0:0:0:1%0]:50570]: Connected via websocket
[13:19:23] [Netty Worker IO Thread #0/INFO] [EaglercraftXBungee]: [/[0:0:0:0:0:0:0:1%0]:50570]: Origin header is null
[13:19:23] [Netty Worker IO Thread #0/INFO] [EaglercraftXBungee]: [/[0:0:0:0:0:0:0:1%0]:50570]: Logged in as 'Nari'
[13:19:23] [Netty Worker IO Thread #0/INFO]: [/[0:0:0:0:0:0:0:1%0]:50570|Nari] -> UpstreamBridge has connected
[13:19:23] [Netty Worker IO Thread #0/INFO]: [Nari|/[0:0:0:0:0:0:0:1%0]:50570] <-> ServerConnector [lobby] has connected
[13:20:06] [Netty Worker IO Thread #3/INFO] [EaglercraftXBungee]: [/[0:0:0:0:0:0:0:1%0]:47294]: Connected via websocket
[13:20:06] [Netty Worker IO Thread #3/INFO] [EaglercraftXBungee]: [/[0:0:0:0:0:0:0:1%0]:47294]: Origin header is null
[13:20:06] [Netty Worker IO Thread #3/INFO] [EaglercraftXBungee]: [/[0:0:0:0:0:0:0:1%0]:47294]: Logged in as 'jellybean21'
[13:20:06] [Netty Worker IO Thread #3/INFO]: [/[0:0:0:0:0:0:0:1%0]:47294|jellybean21] -> UpstreamBridge has connected
[13:20:06] [Netty Worker IO Thread #3/INFO]: [jellybean21|/[0:0:0:0:0:0:0:1%0]:47294] <-> ServerConnector [lobby] has connected
[13:20:09] [Netty Worker IO Thread #4/INFO] [EaglercraftXBungee]: [/[0:0:0:0:0:0:0:1%0]:47300]: Connected via websocket
[13:20:09] [Netty Worker IO Thread #4/INFO] [EaglercraftXBungee]: [/[0:0:0:0:0:0:0:1%0]:47300]: Origin header is null
[13:20:09] [Netty Worker IO Thread #4/INFO] [EaglercraftXBungee]: [/[0:0:0:0:0:0:0:1%0]:47300]: Logged in as 'suk_it'
[13:20:09] [Netty Worker IO Thread #4/INFO]: [/[0:0:0:0:0:0:0:1%0]:47300|suk_it] -> UpstreamBridge has connected
[13:20:09] [Netty Worker IO Thread #4/INFO]: [suk_it|/[0:0:0:0:0:0:0:1%0]:47300] <-> ServerConnector [lobby] has connected
[13:21:30] [Netty Worker IO Thread #6/INFO]: [/[0:0:0:0:0:0:0:1%0]:40902|cris00] -> UpstreamBridge has disconnected
[13:21:30] [Netty Worker IO Thread #6/INFO]: [cris00] disconnected with: Proxy lost connection to server.
[13:21:30] [Netty Worker IO Thread #6/INFO]: [/[0:0:0:0:0:0:0:1%0]:40902|cris00] <-> DownstreamBridge <-> [lobby] has disconnected
[13:23:03] [Netty Worker IO Thread #4/INFO]: [/[0:0:0:0:0:0:0:1%0]:47300|suk_it] -> UpstreamBridge has disconnected
[13:23:03] [Netty Worker IO Thread #4/INFO]: [suk_it] disconnected with: Proxy lost connection to server.
[13:23:03] [Netty Worker IO Thread #4/INFO]: [/[0:0:0:0:0:0:0:1%0]:47300|suk_it] <-> DownstreamBridge <-> [lobby] has disconnected
[13:23:24] [Netty Worker IO Thread #0/INFO] [EaglercraftXBungee]: [/[0:0:0:0:0:0:0:1%0]:46994]: Connected via websocket
[13:23:24] [Netty Worker IO Thread #0/INFO] [EaglercraftXBungee]: [/[0:0:0:0:0:0:0:1%0]:46994]: Origin header is null
[13:23:25] [Netty Worker IO Thread #0/INFO] [EaglercraftXBungee]: [/[0:0:0:0:0:0:0:1%0]:46994]: Logged in as 'suk_it'
[13:23:25] [Netty Worker IO Thread #0/INFO]: [/[0:0:0:0:0:0:0:1%0]:46994|suk_it] -> UpstreamBridge has connected
[13:23:25] [Netty Worker IO Thread #0/INFO]: [suk_it|/[0:0:0:0:0:0:0:1%0]:46994] <-> ServerConnector [lobby] has connected
[13:24:08] [Netty Worker IO Thread #2/INFO]: [/[0:0:0:0:0:0:0:1%0]:36398|kev] -> UpstreamBridge has disconnected
[13:24:08] [Netty Worker IO Thread #2/INFO]: [kev] disconnected with: Proxy lost connection to server.
[13:24:08] [Netty Worker IO Thread #2/INFO]: [/[0:0:0:0:0:0:0:1%0]:36398|kev] <-> DownstreamBridge <-> [lobby] has disconnected
[13:24:11] [Netty Worker IO Thread #2/INFO] [EaglercraftXBungee]: [/[0:0:0:0:0:0:0:1%0]:36808]: Connected via websocket
[13:24:11] [Netty Worker IO Thread #2/INFO] [EaglercraftXBungee]: [/[0:0:0:0:0:0:0:1%0]:36808]: Origin header is null
[13:24:11] [Netty Worker IO Thread #2/INFO] [EaglercraftXBungee]: [/[0:0:0:0:0:0:0:1%0]:36808]: Logged in as 'kev'
[13:24:11] [Netty Worker IO Thread #2/INFO]: [/[0:0:0:0:0:0:0:1%0]:36808|kev] -> UpstreamBridge has connected
[13:24:11] [Netty Worker IO Thread #2/INFO]: [kev|/[0:0:0:0:0:0:0:1%0]:36808] <-> ServerConnector [lobby] has connected
[13:25:03] [Netty Worker IO Thread #2/INFO]: [/[0:0:0:0:0:0:0:1%0]:36808|kev] -> UpstreamBridge has disconnected
[13:25:03] [Netty Worker IO Thread #2/INFO]: [kev] disconnected with: Proxy lost connection to server.
[13:25:03] [Netty Worker IO Thread #2/INFO]: [/[0:0:0:0:0:0:0:1%0]:36808|kev] <-> DownstreamBridge <-> [lobby] has disconnected
[13:27:33] [Netty Worker IO Thread #0/INFO]: [/[0:0:0:0:0:0:0:1%0]:50570|Nari] -> UpstreamBridge has disconnected
[13:27:33] [Netty Worker IO Thread #0/INFO]: [Nari] disconnected with: Proxy lost connection to server.
[13:27:33] [Netty Worker IO Thread #0/INFO]: [/[0:0:0:0:0:0:0:1%0]:50570|Nari] <-> DownstreamBridge <-> [lobby] has disconnected
[13:59:39] [Netty Worker IO Thread #0/INFO]: [/[0:0:0:0:0:0:0:1%0]:46994|suk_it] -> UpstreamBridge has disconnected
[13:59:39] [Netty Worker IO Thread #0/INFO]: [suk_it] disconnected with: Proxy lost connection to server.
[13:59:39] [Netty Worker IO Thread #0/INFO]: [/[0:0:0:0:0:0:0:1%0]:46994|suk_it] <-> DownstreamBridge <-> [lobby] has disconnected
[14:00:18] [Netty Worker IO Thread #3/INFO]: [/[0:0:0:0:0:0:0:1%0]:47294|jellybean21] -> UpstreamBridge has disconnected
[14:00:18] [Netty Worker IO Thread #3/INFO]: [jellybean21] disconnected with: Proxy lost connection to server.
[14:00:18] [Netty Worker IO Thread #3/INFO]: [/[0:0:0:0:0:0:0:1%0]:47294|jellybean21] <-> DownstreamBridge <-> [lobby] has disconnected
[14:11:07] [Netty Worker IO Thread #6/INFO] [EaglercraftXBungee]: [/[0:0:0:0:0:0:0:1%0]:48430]: Connected via websocket
[14:11:07] [Netty Worker IO Thread #6/INFO] [EaglercraftXBungee]: [/[0:0:0:0:0:0:0:1%0]:48430]: Origin header is null
[14:11:07] [Netty Worker IO Thread #6/INFO] [EaglercraftXBungee]: [/[0:0:0:0:0:0:0:1%0]:48430]: Logged in as 'suk_it'
[14:11:07] [Netty Worker IO Thread #6/INFO]: [/[0:0:0:0:0:0:0:1%0]:48430|suk_it] -> UpstreamBridge has connected
[14:11:07] [Netty Worker IO Thread #6/INFO]: [suk_it|/[0:0:0:0:0:0:0:1%0]:48430] <-> ServerConnector [lobby] has connected
[14:37:02] [Netty Worker IO Thread #0/INFO] [EaglercraftXBungee]: [/[0:0:0:0:0:0:0:1%0]:56928]: Connected via websocket
[14:37:02] [Netty Worker IO Thread #0/INFO] [EaglercraftXBungee]: [/[0:0:0:0:0:0:0:1%0]:56928]: Origin header is null
[14:37:03] [Netty Worker IO Thread #0/INFO] [EaglercraftXBungee]: [/[0:0:0:0:0:0:0:1%0]:56928]: Logged in as 'YeerYee3019'
[14:37:03] [Netty Worker IO Thread #0/INFO]: [/[0:0:0:0:0:0:0:1%0]:56928|YeerYee3019] -> UpstreamBridge has connected
[14:37:03] [Netty Worker IO Thread #0/INFO]: [YeerYee3019|/[0:0:0:0:0:0:0:1%0]:56928] <-> ServerConnector [lobby] has connected
[14:37:15] [Netty Worker IO Thread #0/INFO]: [/[0:0:0:0:0:0:0:1%0]:56928|YeerYee3019] -> UpstreamBridge has disconnected
[14:37:15] [Netty Worker IO Thread #0/INFO]: [YeerYee3019] disconnected with: Proxy lost connection to server.
[14:37:15] [Netty Worker IO Thread #0/INFO]: [/[0:0:0:0:0:0:0:1%0]:56928|YeerYee3019] <-> DownstreamBridge <-> [lobby] has disconnected
[14:37:26] [Netty Worker IO Thread #3/INFO] [EaglercraftXBungee]: [/[0:0:0:0:0:0:0:1%0]:46926]: Connected via websocket
[14:37:26] [Netty Worker IO Thread #3/INFO] [EaglercraftXBungee]: [/[0:0:0:0:0:0:0:1%0]:46926]: Origin header is null
[14:37:26] [Netty Worker IO Thread #3/INFO] [EaglercraftXBungee]: [/[0:0:0:0:0:0:0:1%0]:46926]: Logged in as 'jose'
[14:37:26] [Netty Worker IO Thread #3/INFO]: [/[0:0:0:0:0:0:0:1%0]:46926|jose] -> UpstreamBridge has connected
[14:37:26] [Netty Worker IO Thread #3/INFO]: [jose|/[0:0:0:0:0:0:0:1%0]:46926] <-> ServerConnector [lobby] has connected
[14:38:08] [Netty Worker IO Thread #3/INFO]: [/[0:0:0:0:0:0:0:1%0]:46926|jose] -> UpstreamBridge has disconnected
[14:38:08] [Netty Worker IO Thread #3/INFO]: [jose] disconnected with: Proxy lost connection to server.
[14:38:08] [Netty Worker IO Thread #3/INFO]: [/[0:0:0:0:0:0:0:1%0]:46926|jose] <-> DownstreamBridge <-> [lobby] has disconnected
[14:38:11] [Netty Worker IO Thread #4/INFO] [EaglercraftXBungee]: [/[0:0:0:0:0:0:0:1%0]:41848]: Connected via websocket
[14:38:11] [Netty Worker IO Thread #4/INFO] [EaglercraftXBungee]: [/[0:0:0:0:0:0:0:1%0]:41848]: Origin header is null
[14:38:12] [Netty Worker IO Thread #4/INFO] [EaglercraftXBungee]: [/[0:0:0:0:0:0:0:1%0]:41848]: Logged in as 'jose'
[14:38:12] [Netty Worker IO Thread #4/INFO]: [/[0:0:0:0:0:0:0:1%0]:41848|jose] -> UpstreamBridge has connected
[14:38:12] [Netty Worker IO Thread #4/INFO]: [jose|/[0:0:0:0:0:0:0:1%0]:41848] <-> ServerConnector [lobby] has connected
[14:40:00] [Netty Worker IO Thread #4/INFO]: [/[0:0:0:0:0:0:0:1%0]:41848|jose] -> UpstreamBridge has disconnected
[14:40:00] [Netty Worker IO Thread #4/INFO]: [jose] disconnected with: Proxy lost connection to server.
[14:40:00] [Netty Worker IO Thread #4/INFO]: [/[0:0:0:0:0:0:0:1%0]:41848|jose] <-> DownstreamBridge <-> [lobby] has disconnected
[14:40:05] [Netty Worker IO Thread #5/INFO] [EaglercraftXBungee]: [/[0:0:0:0:0:0:0:1%0]:36468]: Connected via websocket
[14:40:05] [Netty Worker IO Thread #5/INFO] [EaglercraftXBungee]: [/[0:0:0:0:0:0:0:1%0]:36468]: Origin header is null
[14:40:05] [Netty Worker IO Thread #5/INFO] [EaglercraftXBungee]: [/[0:0:0:0:0:0:0:1%0]:36468]: Logged in as 'jose'
[14:40:05] [Netty Worker IO Thread #5/INFO]: [/[0:0:0:0:0:0:0:1%0]:36468|jose] -> UpstreamBridge has connected
[14:40:05] [Netty Worker IO Thread #5/INFO]: [jose|/[0:0:0:0:0:0:0:1%0]:36468] <-> ServerConnector [lobby] has connected
[14:41:55] [Netty Worker IO Thread #5/INFO]: [/[0:0:0:0:0:0:0:1%0]:36468|jose] -> UpstreamBridge has disconnected
[14:41:55] [Netty Worker IO Thread #5/INFO]: [jose] disconnected with: Proxy lost connection to server.
[14:41:55] [Netty Worker IO Thread #5/INFO]: [/[0:0:0:0:0:0:0:1%0]:36468|jose] <-> DownstreamBridge <-> [lobby] has disconnected
[14:42:01] [Netty Worker IO Thread #6/INFO] [EaglercraftXBungee]: [/[0:0:0:0:0:0:0:1%0]:40624]: Connected via websocket
[14:42:01] [Netty Worker IO Thread #6/INFO] [EaglercraftXBungee]: [/[0:0:0:0:0:0:0:1%0]:40624]: Origin header is null
[14:42:02] [Netty Worker IO Thread #6/INFO] [EaglercraftXBungee]: [/[0:0:0:0:0:0:0:1%0]:40624]: Logged in as 'jose'
[14:42:02] [Netty Worker IO Thread #6/INFO]: [/[0:0:0:0:0:0:0:1%0]:40624|jose] -> UpstreamBridge has connected
[14:42:02] [Netty Worker IO Thread #6/INFO]: [jose|/[0:0:0:0:0:0:0:1%0]:40624] <-> ServerConnector [lobby] has connected
[14:42:16] [Netty Worker IO Thread #6/INFO]: [/[0:0:0:0:0:0:0:1%0]:40624|jose] -> UpstreamBridge has disconnected
[14:42:16] [Netty Worker IO Thread #6/INFO]: [jose] disconnected with: Proxy lost connection to server.
[14:42:16] [Netty Worker IO Thread #6/INFO]: [/[0:0:0:0:0:0:0:1%0]:40624|jose] <-> DownstreamBridge <-> [lobby] has disconnected
[14:44:23] [Netty Worker IO Thread #3/INFO] [EaglercraftXBungee]: [/[0:0:0:0:0:0:0:1%0]:47252]: Connected via websocket
[14:44:23] [Netty Worker IO Thread #3/INFO] [EaglercraftXBungee]: [/[0:0:0:0:0:0:0:1%0]:47252]: Origin header is null
[14:44:23] [Netty Worker IO Thread #3/INFO] [EaglercraftXBungee]: [/[0:0:0:0:0:0:0:1%0]:47252]: Logged in as 'jose'
[14:44:23] [Netty Worker IO Thread #3/INFO]: [/[0:0:0:0:0:0:0:1%0]:47252|jose] -> UpstreamBridge has connected
[14:44:23] [Netty Worker IO Thread #3/INFO]: [jose|/[0:0:0:0:0:0:0:1%0]:47252] <-> ServerConnector [lobby] has connected
[14:44:38] [Netty Worker IO Thread #3/INFO]: [/[0:0:0:0:0:0:0:1%0]:47252|jose] -> UpstreamBridge has disconnected
[14:44:38] [Netty Worker IO Thread #3/INFO]: [jose] disconnected with: Proxy lost connection to server.
[14:44:38] [Netty Worker IO Thread #3/INFO]: [/[0:0:0:0:0:0:0:1%0]:47252|jose] <-> DownstreamBridge <-> [lobby] has disconnected
[14:45:06] [Netty Worker IO Thread #6/INFO] [EaglercraftXBungee]: [/[0:0:0:0:0:0:0:1%0]:35254]: Connected via websocket
[14:45:06] [Netty Worker IO Thread #6/INFO] [EaglercraftXBungee]: [/[0:0:0:0:0:0:0:1%0]:35254]: Origin header is null
[14:45:08] [Netty Worker IO Thread #6/INFO] [EaglercraftXBungee]: [/[0:0:0:0:0:0:0:1%0]:35254]: Logged in as 'jose'
[14:45:08] [Netty Worker IO Thread #6/INFO]: [/[0:0:0:0:0:0:0:1%0]:35254|jose] -> UpstreamBridge has connected
[14:45:08] [Netty Worker IO Thread #6/INFO]: [jose|/[0:0:0:0:0:0:0:1%0]:35254] <-> ServerConnector [lobby] has connected
[14:45:21] [Netty Worker IO Thread #6/INFO]: [/[0:0:0:0:0:0:0:1%0]:35254|jose] -> UpstreamBridge has disconnected
[14:45:21] [Netty Worker IO Thread #6/INFO]: [jose] disconnected with: Proxy lost connection to server.
[14:45:21] [Netty Worker IO Thread #6/INFO]: [/[0:0:0:0:0:0:0:1%0]:35254|jose] <-> DownstreamBridge <-> [lobby] has disconnected
[14:51:02] [Netty Worker IO Thread #6/INFO]: [/[0:0:0:0:0:0:0:1%0]:48430|suk_it] -> UpstreamBridge has disconnected
[14:51:02] [Netty Worker IO Thread #6/INFO]: [suk_it] disconnected with: Proxy lost connection to server.
[14:51:02] [Netty Worker IO Thread #6/INFO]: [/[0:0:0:0:0:0:0:1%0]:48430|suk_it] <-> DownstreamBridge <-> [lobby] has disconnected
[15:53:40] [Netty Worker IO Thread #0/INFO] [EaglercraftXBungee]: [/[0:0:0:0:0:0:0:1%0]:59952]: Connected via websocket
[15:53:40] [Netty Worker IO Thread #0/INFO] [EaglercraftXBungee]: [/[0:0:0:0:0:0:0:1%0]:59952]: Origin header is null
[15:53:40] [Netty Worker IO Thread #0/INFO] [EaglercraftXBungee]: [/[0:0:0:0:0:0:0:1%0]:59952]: Logged in as 'Rafael'
[15:53:40] [Netty Worker IO Thread #0/INFO]: [/[0:0:0:0:0:0:0:1%0]:59952|Rafael] -> UpstreamBridge has connected
[15:53:40] [Netty Worker IO Thread #0/INFO]: [Rafael|/[0:0:0:0:0:0:0:1%0]:59952] <-> ServerConnector [lobby] has connected
[16:05:41] [Netty Worker IO Thread #0/INFO]: [/[0:0:0:0:0:0:0:1%0]:59952|Rafael] -> UpstreamBridge has disconnected
[16:05:41] [Netty Worker IO Thread #0/INFO]: [Rafael] disconnected with: Proxy lost connection to server.
[16:05:41] [Netty Worker IO Thread #0/INFO]: [/[0:0:0:0:0:0:0:1%0]:59952|Rafael] <-> DownstreamBridge <-> [lobby] has disconnected
[16:24:57] [Netty Worker IO Thread #3/INFO] [EaglercraftXBungee]: [/[0:0:0:0:0:0:0:1%0]:52042]: Connected via websocket
[16:24:57] [Netty Worker IO Thread #3/INFO] [EaglercraftXBungee]: [/[0:0:0:0:0:0:0:1%0]:52042]: Origin header is null
[16:24:57] [Netty Worker IO Thread #3/INFO] [EaglercraftXBungee]: [/[0:0:0:0:0:0:0:1%0]:52042]: Logged in as 'offical_dream'
[16:24:57] [Netty Worker IO Thread #3/INFO]: [/[0:0:0:0:0:0:0:1%0]:52042|offical_dream] -> UpstreamBridge has connected
[16:24:57] [Netty Worker IO Thread #3/INFO]: [offical_dream|/[0:0:0:0:0:0:0:1%0]:52042] <-> ServerConnector [lobby] has connected
[16:28:47] [Netty Worker IO Thread #5/INFO] [EaglercraftXBungee]: [/[0:0:0:0:0:0:0:1%0]:35530]: Connected via websocket
[16:28:47] [Netty Worker IO Thread #5/INFO] [EaglercraftXBungee]: [/[0:0:0:0:0:0:0:1%0]:35530]: Origin header is null
[16:28:48] [Netty Worker IO Thread #5/INFO] [EaglercraftXBungee]: [/[0:0:0:0:0:0:0:1%0]:35530]: Logged in as 'cris00'
[16:28:48] [Netty Worker IO Thread #5/INFO]: [/[0:0:0:0:0:0:0:1%0]:35530|cris00] -> UpstreamBridge has connected
[16:28:48] [Netty Worker IO Thread #5/INFO]: [cris00|/[0:0:0:0:0:0:0:1%0]:35530] <-> ServerConnector [lobby] has connected
[16:30:17] [Netty Worker IO Thread #7/INFO] [EaglercraftXBungee]: [/[0:0:0:0:0:0:0:1%0]:58220]: Connected via websocket
[16:30:17] [Netty Worker IO Thread #7/INFO] [EaglercraftXBungee]: [/[0:0:0:0:0:0:0:1%0]:58220]: Origin header is null
[16:30:17] [Netty Worker IO Thread #7/INFO] [EaglercraftXBungee]: [/[0:0:0:0:0:0:0:1%0]:58220]: Logged in as 'Hamzah898933_'
[16:30:17] [Netty Worker IO Thread #7/INFO]: [/[0:0:0:0:0:0:0:1%0]:58220|Hamzah898933_] -> UpstreamBridge has connected
[16:30:17] [Netty Worker IO Thread #7/INFO]: [Hamzah898933_|/[0:0:0:0:0:0:0:1%0]:58220] <-> ServerConnector [lobby] has connected
[16:32:46] [Netty Worker IO Thread #2/INFO] [EaglercraftXBungee]: [/[0:0:0:0:0:0:0:1%0]:57178]: Connected via websocket
[16:32:46] [Netty Worker IO Thread #2/INFO] [EaglercraftXBungee]: [/[0:0:0:0:0:0:0:1%0]:57178]: Origin header is null
[16:32:46] [Netty Worker IO Thread #2/INFO] [EaglercraftXBungee]: [/[0:0:0:0:0:0:0:1%0]:57178]: Logged in as 'jellybean21'
[16:32:46] [Netty Worker IO Thread #2/INFO]: [/[0:0:0:0:0:0:0:1%0]:57178|jellybean21] -> UpstreamBridge has connected
[16:32:46] [Netty Worker IO Thread #2/INFO]: [jellybean21|/[0:0:0:0:0:0:0:1%0]:57178] <-> ServerConnector [lobby] has connected
[16:32:47] [Netty Worker IO Thread #3/INFO] [EaglercraftXBungee]: [/[0:0:0:0:0:0:0:1%0]:57194]: Connected via websocket
[16:32:47] [Netty Worker IO Thread #3/INFO] [EaglercraftXBungee]: [/[0:0:0:0:0:0:0:1%0]:57194]: Origin header is null
[16:32:47] [Netty Worker IO Thread #3/INFO] [EaglercraftXBungee]: [/[0:0:0:0:0:0:0:1%0]:57194]: Logged in as 'haha1243'
[16:32:47] [Netty Worker IO Thread #3/INFO]: [/[0:0:0:0:0:0:0:1%0]:57194|haha1243] -> UpstreamBridge has connected
[16:32:47] [Netty Worker IO Thread #3/INFO]: [haha1243|/[0:0:0:0:0:0:0:1%0]:57194] <-> ServerConnector [lobby] has connected
[16:37:50] [Netty Worker IO Thread #3/INFO]: [/[0:0:0:0:0:0:0:1%0]:52042|offical_dream] -> UpstreamBridge has disconnected
[16:37:50] [Netty Worker IO Thread #3/INFO]: [offical_dream] disconnected with: Proxy lost connection to server.
[16:37:50] [Netty Worker IO Thread #3/INFO]: [/[0:0:0:0:0:0:0:1%0]:52042|offical_dream] <-> DownstreamBridge <-> [lobby] has disconnected
[16:41:16] [Netty Worker IO Thread #5/INFO] [EaglercraftXBungee]: [/[0:0:0:0:0:0:0:1%0]:34190]: Connected via websocket
[16:41:16] [Netty Worker IO Thread #5/INFO] [EaglercraftXBungee]: [/[0:0:0:0:0:0:0:1%0]:34190]: Origin header is null
[16:41:16] [Netty Worker IO Thread #5/INFO] [EaglercraftXBungee]: [/[0:0:0:0:0:0:0:1%0]:34190]: Logged in as 'HeLLo'
[16:41:16] [Netty Worker IO Thread #5/INFO]: [/[0:0:0:0:0:0:0:1%0]:34190|HeLLo] -> UpstreamBridge has connected
[16:41:16] [Netty Worker IO Thread #5/INFO]: [HeLLo|/[0:0:0:0:0:0:0:1%0]:34190] <-> ServerConnector [lobby] has connected
[16:42:49] [Netty Worker IO Thread #7/INFO] [EaglercraftXBungee]: [/[0:0:0:0:0:0:0:1%0]:46868]: Connected via websocket
[16:42:49] [Netty Worker IO Thread #7/INFO] [EaglercraftXBungee]: [/[0:0:0:0:0:0:0:1%0]:46868]: Origin header is null
[16:42:49] [Netty Worker IO Thread #7/INFO] [EaglercraftXBungee]: [/[0:0:0:0:0:0:0:1%0]:46868]: Logged in as 'Isiss'
[16:42:49] [Netty Worker IO Thread #7/INFO]: [/[0:0:0:0:0:0:0:1%0]:46868|Isiss] -> UpstreamBridge has connected
[16:42:49] [Netty Worker IO Thread #7/INFO]: [Isiss|/[0:0:0:0:0:0:0:1%0]:46868] <-> ServerConnector [lobby] has connected
[16:45:18] [Netty Worker IO Thread #1/INFO] [EaglercraftXBungee]: [/[0:0:0:0:0:0:0:1%0]:46896]: Connected via websocket
[16:45:18] [Netty Worker IO Thread #1/INFO] [EaglercraftXBungee]: [/[0:0:0:0:0:0:0:1%0]:46896]: Origin header is null
[16:45:18] [Netty Worker IO Thread #1/INFO] [EaglercraftXBungee]: [/[0:0:0:0:0:0:0:1%0]:46896]: Logged in as 'Dabi'
[16:45:18] [Netty Worker IO Thread #1/INFO]: [/[0:0:0:0:0:0:0:1%0]:46896|Dabi] -> UpstreamBridge has connected
[16:45:18] [Netty Worker IO Thread #1/INFO]: [Dabi|/[0:0:0:0:0:0:0:1%0]:46896] <-> ServerConnector [lobby] has connected
[16:47:39] [Netty Worker IO Thread #3/INFO] [EaglercraftXBungee]: [/[0:0:0:0:0:0:0:1%0]:57468]: Connected via websocket
[16:47:39] [Netty Worker IO Thread #3/INFO] [EaglercraftXBungee]: [/[0:0:0:0:0:0:0:1%0]:57468]: Origin header is null
[16:47:39] [Netty Worker IO Thread #3/INFO] [EaglercraftXBungee]: [/[0:0:0:0:0:0:0:1%0]:57468]: Logged in as 'offical_dream'
[16:47:39] [Netty Worker IO Thread #3/INFO]: [/[0:0:0:0:0:0:0:1%0]:57468|offical_dream] -> UpstreamBridge has connected
[16:47:39] [Netty Worker IO Thread #3/INFO]: [offical_dream|/[0:0:0:0:0:0:0:1%0]:57468] <-> ServerConnector [lobby] has connected
[16:48:11] [Netty Worker IO Thread #7/INFO]: [/[0:0:0:0:0:0:0:1%0]:58220|Hamzah898933_] -> UpstreamBridge has disconnected
[16:48:11] [Netty Worker IO Thread #7/INFO]: [Hamzah898933_] disconnected with: Proxy lost connection to server.
[16:48:11] [Netty Worker IO Thread #7/INFO]: [/[0:0:0:0:0:0:0:1%0]:58220|Hamzah898933_] <-> DownstreamBridge <-> [lobby] has disconnected
[16:48:40] [Netty Worker IO Thread #1/INFO]: [Dabi] disconnected with: You have been banned:
The Ban Hammer has spoken!
[16:48:40] [Netty Worker IO Thread #1/INFO]: [/[0:0:0:0:0:0:0:1%0]:46896|Dabi] -> UpstreamBridge has disconnected
[16:48:40] [Netty Worker IO Thread #1/INFO]: [/[0:0:0:0:0:0:0:1%0]:46896|Dabi] <-> DownstreamBridge <-> [lobby] has disconnected
[16:48:45] [Netty Worker IO Thread #5/INFO]: [HeLLo] disconnected with: You have been banned:
The Ban Hammer has spoken!
[16:48:45] [Netty Worker IO Thread #5/INFO]: [/[0:0:0:0:0:0:0:1%0]:34190|HeLLo] -> UpstreamBridge has disconnected
[16:48:45] [Netty Worker IO Thread #5/INFO]: [/[0:0:0:0:0:0:0:1%0]:34190|HeLLo] <-> DownstreamBridge <-> [lobby] has disconnected
[16:48:50] [Netty Worker IO Thread #4/INFO] [EaglercraftXBungee]: [/[0:0:0:0:0:0:0:1%0]:48600]: Connected via websocket
[16:48:50] [Netty Worker IO Thread #4/INFO] [EaglercraftXBungee]: [/[0:0:0:0:0:0:0:1%0]:48600]: Origin header is null
[16:48:50] [Netty Worker IO Thread #3/INFO]: [haha1243] disconnected with: You have been banned:
The Ban Hammer has spoken!
[16:48:50] [Netty Worker IO Thread #3/INFO]: [/[0:0:0:0:0:0:0:1%0]:57194|haha1243] -> UpstreamBridge has disconnected
[16:48:50] [Netty Worker IO Thread #3/INFO]: [/[0:0:0:0:0:0:0:1%0]:57194|haha1243] <-> DownstreamBridge <-> [lobby] has disconnected
[16:48:50] [Netty Worker IO Thread #4/INFO] [EaglercraftXBungee]: [/[0:0:0:0:0:0:0:1%0]:48600]: Logged in as 'Dabi'
[16:48:50] [Netty Worker IO Thread #4/INFO]: [/[0:0:0:0:0:0:0:1%0]:48600|Dabi] -> UpstreamBridge has connected
[16:48:50] [Netty Worker IO Thread #4/INFO]: [Dabi|/[0:0:0:0:0:0:0:1%0]:48600] <-> ServerConnector [lobby] has connected
[16:48:50] [Netty Worker IO Thread #4/INFO]: [Dabi] disconnected with: Kicked whilst connecting to lobby: You are banned from this server. Reason: The Ban Hammer has spoken!
[16:48:50] [Netty Worker IO Thread #4/INFO]: [/[0:0:0:0:0:0:0:1%0]:48600|Dabi] -> UpstreamBridge has disconnected
[16:48:50] [Netty Worker IO Thread #4/INFO]: [Dabi|/[0:0:0:0:0:0:0:1%0]:48600] <-> ServerConnector [lobby] has disconnected
[16:48:54] [Netty Worker IO Thread #7/INFO]: [Isiss] disconnected with: You have been banned:
The Ban Hammer has spoken!
[16:48:54] [Netty Worker IO Thread #7/INFO]: [/[0:0:0:0:0:0:0:1%0]:46868|Isiss] -> UpstreamBridge has disconnected
[16:48:54] [Netty Worker IO Thread #7/INFO]: [/[0:0:0:0:0:0:0:1%0]:46868|Isiss] <-> DownstreamBridge <-> [lobby] has disconnected
[16:49:05] [Netty Worker IO Thread #5/INFO] [EaglercraftXBungee]: [/[0:0:0:0:0:0:0:1%0]:55680]: Connected via websocket
[16:49:05] [Netty Worker IO Thread #5/INFO] [EaglercraftXBungee]: [/[0:0:0:0:0:0:0:1%0]:55680]: Origin header is null
[16:49:06] [Netty Worker IO Thread #5/INFO] [EaglercraftXBungee]: [/[0:0:0:0:0:0:0:1%0]:55680]: Logged in as 'Isiss'
[16:49:06] [Netty Worker IO Thread #5/INFO]: [/[0:0:0:0:0:0:0:1%0]:55680|Isiss] -> UpstreamBridge has connected
[16:49:06] [Netty Worker IO Thread #5/INFO]: [Isiss|/[0:0:0:0:0:0:0:1%0]:55680] <-> ServerConnector [lobby] has connected
[16:49:06] [Netty Worker IO Thread #5/INFO]: [Isiss] disconnected with: Kicked whilst connecting to lobby: You are banned from this server. Reason: The Ban Hammer has spoken!
[16:49:06] [Netty Worker IO Thread #5/INFO]: [/[0:0:0:0:0:0:0:1%0]:55680|Isiss] -> UpstreamBridge has disconnected
[16:49:06] [Netty Worker IO Thread #5/INFO]: [Isiss|/[0:0:0:0:0:0:0:1%0]:55680] <-> ServerConnector [lobby] has disconnected
[16:49:17] [Netty Worker IO Thread #3/INFO]: [/[0:0:0:0:0:0:0:1%0]:57468|offical_dream] -> UpstreamBridge has disconnected
[16:49:17] [Netty Worker IO Thread #3/INFO]: [offical_dream] disconnected with: Proxy lost connection to server.
[16:49:17] [Netty Worker IO Thread #3/INFO]: [/[0:0:0:0:0:0:0:1%0]:57468|offical_dream] <-> DownstreamBridge <-> [lobby] has disconnected
[16:50:30] [Netty Worker IO Thread #7/INFO] [EaglercraftXBungee]: [/[0:0:0:0:0:0:0:1%0]:39282]: Connected via websocket
[16:50:30] [Netty Worker IO Thread #7/INFO] [EaglercraftXBungee]: [/[0:0:0:0:0:0:0:1%0]:39282]: Origin header is null
[16:50:30] [Netty Worker IO Thread #7/INFO] [EaglercraftXBungee]: [/[0:0:0:0:0:0:0:1%0]:39282]: Logged in as 'Dabi'
[16:50:30] [Netty Worker IO Thread #7/INFO]: [/[0:0:0:0:0:0:0:1%0]:39282|Dabi] -> UpstreamBridge has connected
[16:50:30] [Netty Worker IO Thread #7/INFO]: [Dabi|/[0:0:0:0:0:0:0:1%0]:39282] <-> ServerConnector [lobby] has connected
[16:50:39] [Netty Worker IO Thread #0/INFO] [EaglercraftXBungee]: [/[0:0:0:0:0:0:0:1%0]:60442]: Connected via websocket
[16:50:39] [Netty Worker IO Thread #0/INFO] [EaglercraftXBungee]: [/[0:0:0:0:0:0:0:1%0]:60442]: Origin header is null
[16:50:39] [Netty Worker IO Thread #0/INFO] [EaglercraftXBungee]: [/[0:0:0:0:0:0:0:1%0]:60442]: Logged in as 'HeLLo'
[16:50:39] [Netty Worker IO Thread #0/INFO]: [/[0:0:0:0:0:0:0:1%0]:60442|HeLLo] -> UpstreamBridge has connected
[16:50:39] [Netty Worker IO Thread #0/INFO]: [HeLLo|/[0:0:0:0:0:0:0:1%0]:60442] <-> ServerConnector [lobby] has connected
[16:50:39] [Netty Worker IO Thread #0/INFO]: [HeLLo] disconnected with: Kicked whilst connecting to lobby: You are banned from this server. Reason: The Ban Hammer has spoken!
[16:50:39] [Netty Worker IO Thread #0/INFO]: [/[0:0:0:0:0:0:0:1%0]:60442|HeLLo] -> UpstreamBridge has disconnected
[16:50:39] [Netty Worker IO Thread #0/INFO]: [HeLLo|/[0:0:0:0:0:0:0:1%0]:60442] <-> ServerConnector [lobby] has disconnected
[16:50:42] [Netty Worker IO Thread #1/INFO] [EaglercraftXBungee]: [/[0:0:0:0:0:0:0:1%0]:60452]: Connected via websocket
[16:50:42] [Netty Worker IO Thread #1/INFO] [EaglercraftXBungee]: [/[0:0:0:0:0:0:0:1%0]:60452]: Origin header is null
[16:50:42] [Netty Worker IO Thread #1/INFO] [EaglercraftXBungee]: [/[0:0:0:0:0:0:0:1%0]:60452]: Logged in as 'HeLLo'
[16:50:42] [Netty Worker IO Thread #1/INFO]: [/[0:0:0:0:0:0:0:1%0]:60452|HeLLo] -> UpstreamBridge has connected
[16:50:42] [Netty Worker IO Thread #1/INFO]: [HeLLo|/[0:0:0:0:0:0:0:1%0]:60452] <-> ServerConnector [lobby] has connected
[16:50:42] [Netty Worker IO Thread #1/INFO]: [HeLLo] disconnected with: Kicked whilst connecting to lobby: You are banned from this server. Reason: The Ban Hammer has spoken!
[16:50:42] [Netty Worker IO Thread #1/INFO]: [/[0:0:0:0:0:0:0:1%0]:60452|HeLLo] -> UpstreamBridge has disconnected
[16:50:42] [Netty Worker IO Thread #1/INFO]: [HeLLo|/[0:0:0:0:0:0:0:1%0]:60452] <-> ServerConnector [lobby] has disconnected
[16:50:48] [Netty Worker IO Thread #3/INFO] [EaglercraftXBungee]: [/[0:0:0:0:0:0:0:1%0]:57600]: Connected via websocket
[16:50:48] [Netty Worker IO Thread #3/INFO] [EaglercraftXBungee]: [/[0:0:0:0:0:0:0:1%0]:57600]: Origin header is null
[16:50:48] [Netty Worker IO Thread #3/INFO] [EaglercraftXBungee]: [/[0:0:0:0:0:0:0:1%0]:57600]: Logged in as 'Hamzah898933_'
[16:50:48] [Netty Worker IO Thread #3/INFO]: [/[0:0:0:0:0:0:0:1%0]:57600|Hamzah898933_] -> UpstreamBridge has connected
[16:50:48] [Netty Worker IO Thread #3/INFO]: [Hamzah898933_|/[0:0:0:0:0:0:0:1%0]:57600] <-> ServerConnector [lobby] has connected
[16:50:53] [Netty Worker IO Thread #4/INFO] [EaglercraftXBungee]: [/[0:0:0:0:0:0:0:1%0]:57608]: Connected via websocket
[16:50:53] [Netty Worker IO Thread #4/INFO] [EaglercraftXBungee]: [/[0:0:0:0:0:0:0:1%0]:57608]: Origin header is null
[16:50:54] [Netty Worker IO Thread #4/INFO] [EaglercraftXBungee]: [/[0:0:0:0:0:0:0:1%0]:57608]: Logged in as 'Isiss'
[16:50:54] [Netty Worker IO Thread #4/INFO]: [/[0:0:0:0:0:0:0:1%0]:57608|Isiss] -> UpstreamBridge has connected
[16:50:54] [Netty Worker IO Thread #4/INFO]: [Isiss|/[0:0:0:0:0:0:0:1%0]:57608] <-> ServerConnector [lobby] has connected
[16:50:54] [Netty Worker IO Thread #4/INFO]: [Isiss] disconnected with: Kicked whilst connecting to lobby: You are banned from this server. Reason: The Ban Hammer has spoken!
[16:50:54] [Netty Worker IO Thread #4/INFO]: [/[0:0:0:0:0:0:0:1%0]:57608|Isiss] -> UpstreamBridge has disconnected
[16:50:54] [Netty Worker IO Thread #4/INFO]: [Isiss|/[0:0:0:0:0:0:0:1%0]:57608] <-> ServerConnector [lobby] has disconnected
[16:51:11] [Netty Worker IO Thread #5/INFO] [EaglercraftXBungee]: [/[0:0:0:0:0:0:0:1%0]:55094]: Connected via websocket
[16:51:11] [Netty Worker IO Thread #5/INFO] [EaglercraftXBungee]: [/[0:0:0:0:0:0:0:1%0]:55094]: Origin header is null
[16:51:11] [Netty Worker IO Thread #5/INFO] [EaglercraftXBungee]: [/[0:0:0:0:0:0:0:1%0]:55094]: Logged in as 'HeLLo'
[16:51:11] [Netty Worker IO Thread #5/INFO]: [/[0:0:0:0:0:0:0:1%0]:55094|HeLLo] -> UpstreamBridge has connected
[16:51:11] [Netty Worker IO Thread #5/INFO]: [HeLLo|/[0:0:0:0:0:0:0:1%0]:55094] <-> ServerConnector [lobby] has connected
[16:51:14] [Netty Worker IO Thread #6/INFO] [EaglercraftXBungee]: [/[0:0:0:0:0:0:0:1%0]:55100]: Connected via websocket
[16:51:14] [Netty Worker IO Thread #6/INFO] [EaglercraftXBungee]: [/[0:0:0:0:0:0:0:1%0]:55100]: Origin header is null
[16:51:15] [Netty Worker IO Thread #6/INFO] [EaglercraftXBungee]: [/[0:0:0:0:0:0:0:1%0]:55100]: Logged in as 'Isiss'
[16:51:15] [Netty Worker IO Thread #6/INFO]: [/[0:0:0:0:0:0:0:1%0]:55100|Isiss] -> UpstreamBridge has connected
[16:51:15] [Netty Worker IO Thread #6/INFO]: [Isiss|/[0:0:0:0:0:0:0:1%0]:55100] <-> ServerConnector [lobby] has connected
[16:55:16] [Netty Worker IO Thread #0/INFO] [EaglercraftXBungee]: [/[0:0:0:0:0:0:0:1%0]:55774]: Connected via websocket
[16:55:16] [Netty Worker IO Thread #0/INFO] [EaglercraftXBungee]: [/[0:0:0:0:0:0:0:1%0]:55774]: Origin header is null
[16:55:16] [Netty Worker IO Thread #0/INFO] [EaglercraftXBungee]: [/[0:0:0:0:0:0:0:1%0]:55774]: Logged in as 'haha1243'
[16:55:16] [Netty Worker IO Thread #0/INFO]: [/[0:0:0:0:0:0:0:1%0]:55774|haha1243] -> UpstreamBridge has connected
[16:55:16] [Netty Worker IO Thread #0/INFO]: [haha1243|/[0:0:0:0:0:0:0:1%0]:55774] <-> ServerConnector [lobby] has connected
[16:55:41] [Netty Worker IO Thread #0/INFO]: [haha1243] disconnected with: You have been banned:
The Ban Hammer has spoken!
[16:55:41] [Netty Worker IO Thread #0/INFO]: [/[0:0:0:0:0:0:0:1%0]:55774|haha1243] -> UpstreamBridge has disconnected
[16:55:41] [Netty Worker IO Thread #0/INFO]: [/[0:0:0:0:0:0:0:1%0]:55774|haha1243] <-> DownstreamBridge <-> [lobby] has disconnected
[16:55:57] [Netty Worker IO Thread #1/INFO] [EaglercraftXBungee]: [/[0:0:0:0:0:0:0:1%0]:38734]: Connected via websocket
[16:55:57] [Netty Worker IO Thread #1/INFO] [EaglercraftXBungee]: [/[0:0:0:0:0:0:0:1%0]:38734]: Origin header is null
[16:55:57] [Netty Worker IO Thread #1/INFO] [EaglercraftXBungee]: [/[0:0:0:0:0:0:0:1%0]:38734]: Logged in as 'haha1243'
[16:55:57] [Netty Worker IO Thread #1/INFO]: [/[0:0:0:0:0:0:0:1%0]:38734|haha1243] -> UpstreamBridge has connected
[16:55:57] [Netty Worker IO Thread #1/INFO]: [haha1243|/[0:0:0:0:0:0:0:1%0]:38734] <-> ServerConnector [lobby] has connected
[16:56:56] [Netty Worker IO Thread #3/INFO] [EaglercraftXBungee]: [/[0:0:0:0:0:0:0:1%0]:52234]: Connected via websocket
[16:56:56] [Netty Worker IO Thread #3/INFO] [EaglercraftXBungee]: [/[0:0:0:0:0:0:0:1%0]:52234]: Origin header is null
[16:56:56] [Netty Worker IO Thread #3/INFO] [EaglercraftXBungee]: [/[0:0:0:0:0:0:0:1%0]:52234]: Logged in as 'leshaundinglenut'
[16:56:56] [Netty Worker IO Thread #3/INFO]: [/[0:0:0:0:0:0:0:1%0]:52234|leshaundinglenut] -> UpstreamBridge has connected
[16:56:56] [Netty Worker IO Thread #3/INFO]: [leshaundinglenut|/[0:0:0:0:0:0:0:1%0]:52234] <-> ServerConnector [lobby] has connected
[16:56:59] [Netty Worker IO Thread #6/INFO]: [Isiss] disconnected with: Proxy lost connection to server.
[16:56:59] [Netty Worker IO Thread #6/INFO]: [/[0:0:0:0:0:0:0:1%0]:55100|Isiss] <-> DownstreamBridge <-> [lobby] has disconnected
[16:56:59] [Netty Worker IO Thread #6/INFO]: [/[0:0:0:0:0:0:0:1%0]:55100|Isiss] -> UpstreamBridge has disconnected
[16:57:32] [Netty Worker IO Thread #4/INFO] [EaglercraftXBungee]: [/[0:0:0:0:0:0:0:1%0]:56522]: Connected via websocket
[16:57:32] [Netty Worker IO Thread #4/INFO] [EaglercraftXBungee]: [/[0:0:0:0:0:0:0:1%0]:56522]: Origin header is null
[16:57:32] [Netty Worker IO Thread #4/INFO] [EaglercraftXBungee]: [/[0:0:0:0:0:0:0:1%0]:56522]: Logged in as 'Isiss'
[16:57:32] [Netty Worker IO Thread #4/INFO]: [/[0:0:0:0:0:0:0:1%0]:56522|Isiss] -> UpstreamBridge has connected
[16:57:32] [Netty Worker IO Thread #4/INFO]: [Isiss|/[0:0:0:0:0:0:0:1%0]:56522] <-> ServerConnector [lobby] has connected
[17:03:56] [Netty Worker IO Thread #3/INFO]: [/[0:0:0:0:0:0:0:1%0]:57600|Hamzah898933_] -> UpstreamBridge has disconnected
[17:03:56] [Netty Worker IO Thread #3/INFO]: [Hamzah898933_] disconnected with: Proxy lost connection to server.
[17:03:56] [Netty Worker IO Thread #3/INFO]: [/[0:0:0:0:0:0:0:1%0]:57600|Hamzah898933_] <-> DownstreamBridge <-> [lobby] has disconnected
[17:05:34] [Netty Worker IO Thread #3/INFO]: [/[0:0:0:0:0:0:0:1%0]:52234|leshaundinglenut] -> UpstreamBridge has disconnected
[17:05:34] [Netty Worker IO Thread #3/INFO]: [leshaundinglenut] disconnected with: Proxy lost connection to server.
[17:05:34] [Netty Worker IO Thread #3/INFO]: [/[0:0:0:0:0:0:0:1%0]:52234|leshaundinglenut] <-> DownstreamBridge <-> [lobby] has disconnected
[17:06:35] [Netty Worker IO Thread #7/INFO] [EaglercraftXBungee]: [/[0:0:0:0:0:0:0:1%0]:55966]: Connected via websocket
[17:06:35] [Netty Worker IO Thread #7/INFO] [EaglercraftXBungee]: [/[0:0:0:0:0:0:0:1%0]:55966]: Origin header is null
[17:06:35] [Netty Worker IO Thread #7/INFO] [EaglercraftXBungee]: [/[0:0:0:0:0:0:0:1%0]:55966]: Logged in as 'leshaundinglenut'
[17:06:35] [Netty Worker IO Thread #7/INFO]: [/[0:0:0:0:0:0:0:1%0]:55966|leshaundinglenut] -> UpstreamBridge has connected
[17:06:35] [Netty Worker IO Thread #7/INFO]: [leshaundinglenut|/[0:0:0:0:0:0:0:1%0]:55966] <-> ServerConnector [lobby] has connected
[17:08:00] [Netty Worker IO Thread #1/INFO] [EaglercraftXBungee]: [/[0:0:0:0:0:0:0:1%0]:55118]: Connected via websocket
[17:08:00] [Netty Worker IO Thread #1/INFO] [EaglercraftXBungee]: [/[0:0:0:0:0:0:0:1%0]:55118]: Origin header is null
[17:08:00] [Netty Worker IO Thread #1/INFO] [EaglercraftXBungee]: [/[0:0:0:0:0:0:0:1%0]:55118]: Logged in as 'Hamzah898933_'
[17:08:00] [Netty Worker IO Thread #1/INFO]: [/[0:0:0:0:0:0:0:1%0]:55118|Hamzah898933_] -> UpstreamBridge has connected
[17:08:00] [Netty Worker IO Thread #1/INFO]: [Hamzah898933_|/[0:0:0:0:0:0:0:1%0]:55118] <-> ServerConnector [lobby] has connected
[17:08:27] [Netty Worker IO Thread #5/INFO]: [/[0:0:0:0:0:0:0:1%0]:35530|cris00] -> UpstreamBridge has disconnected
[17:08:27] [Netty Worker IO Thread #5/INFO]: [cris00] disconnected with: Proxy lost connection to server.
[17:08:27] [Netty Worker IO Thread #5/INFO]: [/[0:0:0:0:0:0:0:1%0]:35530|cris00] <-> DownstreamBridge <-> [lobby] has disconnected
[17:09:12] [Netty Worker IO Thread #3/INFO] [EaglercraftXBungee]: [/[0:0:0:0:0:0:0:1%0]:40868]: Connected via websocket
[17:09:12] [Netty Worker IO Thread #3/INFO] [EaglercraftXBungee]: [/[0:0:0:0:0:0:0:1%0]:40868]: Origin header is null
[17:09:12] [Netty Worker IO Thread #3/INFO] [EaglercraftXBungee]: [/[0:0:0:0:0:0:0:1%0]:40868]: Logged in as 'cris00'
[17:09:12] [Netty Worker IO Thread #3/INFO]: [/[0:0:0:0:0:0:0:1%0]:40868|cris00] -> UpstreamBridge has connected
[17:09:12] [Netty Worker IO Thread #3/INFO]: [cris00|/[0:0:0:0:0:0:0:1%0]:40868] <-> ServerConnector [lobby] has connected
[17:09:43] [Netty Worker IO Thread #3/INFO]: [cris00] disconnected with: Login timed out!
[17:09:43] [Netty Worker IO Thread #3/INFO]: [/[0:0:0:0:0:0:0:1%0]:40868|cris00] -> UpstreamBridge has disconnected
[17:09:43] [Netty Worker IO Thread #3/INFO]: [/[0:0:0:0:0:0:0:1%0]:40868|cris00] <-> DownstreamBridge <-> [lobby] has disconnected
[17:10:04] [Netty Worker IO Thread #4/INFO] [EaglercraftXBungee]: [/[0:0:0:0:0:0:0:1%0]:40812]: Connected via websocket
[17:10:04] [Netty Worker IO Thread #4/INFO] [EaglercraftXBungee]: [/[0:0:0:0:0:0:0:1%0]:40812]: Origin header is null
[17:10:04] [Netty Worker IO Thread #4/INFO] [EaglercraftXBungee]: [/[0:0:0:0:0:0:0:1%0]:40812]: Logged in as 'cris00'
[17:10:04] [Netty Worker IO Thread #4/INFO]: [/[0:0:0:0:0:0:0:1%0]:40812|cris00] -> UpstreamBridge has connected
[17:10:04] [Netty Worker IO Thread #4/INFO]: [cris00|/[0:0:0:0:0:0:0:1%0]:40812] <-> ServerConnector [lobby] has connected
[17:10:11] [Netty Worker IO Thread #1/INFO]: [/[0:0:0:0:0:0:0:1%0]:55118|Hamzah898933_] -> UpstreamBridge has disconnected
[17:10:11] [Netty Worker IO Thread #1/INFO]: [Hamzah898933_] disconnected with: Proxy lost connection to server.
[17:10:11] [Netty Worker IO Thread #1/INFO]: [/[0:0:0:0:0:0:0:1%0]:55118|Hamzah898933_] <-> DownstreamBridge <-> [lobby] has disconnected
[17:10:13] [Netty Worker IO Thread #6/INFO] [EaglercraftXBungee]: [/[0:0:0:0:0:0:0:1%0]:50728]: Connected via websocket
[17:10:13] [Netty Worker IO Thread #6/INFO] [EaglercraftXBungee]: [/[0:0:0:0:0:0:0:1%0]:50728]: Origin header is null
[17:10:13] [Netty Worker IO Thread #6/INFO] [EaglercraftXBungee]: [/[0:0:0:0:0:0:0:1%0]:50728]: Logged in as 'Hamzah898933_'
[17:10:13] [Netty Worker IO Thread #6/INFO]: [/[0:0:0:0:0:0:0:1%0]:50728|Hamzah898933_] -> UpstreamBridge has connected
[17:10:13] [Netty Worker IO Thread #6/INFO]: [Hamzah898933_|/[0:0:0:0:0:0:0:1%0]:50728] <-> ServerConnector [lobby] has connected
[17:10:19] [Netty Worker IO Thread #4/INFO]: [/[0:0:0:0:0:0:0:1%0]:40812|cris00] -> UpstreamBridge has disconnected
[17:10:19] [Netty Worker IO Thread #4/INFO]: [cris00] disconnected with: Proxy lost connection to server.
[17:10:19] [Netty Worker IO Thread #4/INFO]: [/[0:0:0:0:0:0:0:1%0]:40812|cris00] <-> DownstreamBridge <-> [lobby] has disconnected
[17:10:28] [Netty Worker IO Thread #7/INFO]: [/[0:0:0:0:0:0:0:1%0]:39282|Dabi] -> UpstreamBridge has disconnected
[17:10:28] [Netty Worker IO Thread #7/INFO]: [Dabi] disconnected with: Proxy lost connection to server.
[17:10:28] [Netty Worker IO Thread #7/INFO]: [/[0:0:0:0:0:0:0:1%0]:39282|Dabi] <-> DownstreamBridge <-> [lobby] has disconnected
[17:10:36] [Netty Worker IO Thread #7/INFO] [EaglercraftXBungee]: [/[0:0:0:0:0:0:0:1%0]:37828]: Connected via websocket
[17:10:36] [Netty Worker IO Thread #7/INFO] [EaglercraftXBungee]: [/[0:0:0:0:0:0:0:1%0]:37828]: Origin header is null
[17:10:36] [Netty Worker IO Thread #7/INFO] [EaglercraftXBungee]: [/[0:0:0:0:0:0:0:1%0]:37828]: Logged in as 'cris00'
[17:10:36] [Netty Worker IO Thread #7/INFO]: [/[0:0:0:0:0:0:0:1%0]:37828|cris00] -> UpstreamBridge has connected
[17:10:36] [Netty Worker IO Thread #7/INFO]: [cris00|/[0:0:0:0:0:0:0:1%0]:37828] <-> ServerConnector [lobby] has connected
[17:10:46] [Netty Worker IO Thread #7/INFO]: [/[0:0:0:0:0:0:0:1%0]:37828|cris00] -> UpstreamBridge has disconnected
[17:10:46] [Netty Worker IO Thread #7/INFO]: [cris00] disconnected with: Proxy lost connection to server.
[17:10:46] [Netty Worker IO Thread #7/INFO]: [/[0:0:0:0:0:0:0:1%0]:37828|cris00] <-> DownstreamBridge <-> [lobby] has disconnected
[17:10:50] [Netty Worker IO Thread #5/INFO]: [/[0:0:0:0:0:0:0:1%0]:55094|HeLLo] -> UpstreamBridge has disconnected
[17:10:50] [Netty Worker IO Thread #5/INFO]: [HeLLo] disconnected with: Proxy lost connection to server.
[17:10:50] [Netty Worker IO Thread #5/INFO]: [/[0:0:0:0:0:0:0:1%0]:55094|HeLLo] <-> DownstreamBridge <-> [lobby] has disconnected
[17:10:52] [Netty Worker IO Thread #1/INFO]: [/[0:0:0:0:0:0:0:1%0]:38734|haha1243] -> UpstreamBridge has disconnected
[17:10:52] [Netty Worker IO Thread #1/INFO]: [haha1243] disconnected with: Proxy lost connection to server.
[17:10:52] [Netty Worker IO Thread #1/INFO]: [/[0:0:0:0:0:0:0:1%0]:38734|haha1243] <-> DownstreamBridge <-> [lobby] has disconnected
[17:11:58] [Netty Worker IO Thread #6/INFO]: [/[0:0:0:0:0:0:0:1%0]:50728|Hamzah898933_] -> UpstreamBridge has disconnected
[17:11:58] [Netty Worker IO Thread #6/INFO]: [Hamzah898933_] disconnected with: Proxy lost connection to server.
[17:11:58] [Netty Worker IO Thread #6/INFO]: [/[0:0:0:0:0:0:0:1%0]:50728|Hamzah898933_] <-> DownstreamBridge <-> [lobby] has disconnected
[17:13:02] [Netty Worker IO Thread #7/INFO]: [/[0:0:0:0:0:0:0:1%0]:55966|leshaundinglenut] -> UpstreamBridge has disconnected
[17:13:02] [Netty Worker IO Thread #7/INFO]: [leshaundinglenut] disconnected with: Proxy lost connection to server.
[17:13:02] [Netty Worker IO Thread #7/INFO]: [/[0:0:0:0:0:0:0:1%0]:55966|leshaundinglenut] <-> DownstreamBridge <-> [lobby] has disconnected
[17:13:23] [Netty Worker IO Thread #2/INFO]: [/[0:0:0:0:0:0:0:1%0]:57178|jellybean21] -> UpstreamBridge has disconnected
[17:13:23] [Netty Worker IO Thread #2/INFO]: [jellybean21] disconnected with: Proxy lost connection to server.
[17:13:23] [Netty Worker IO Thread #2/INFO]: [/[0:0:0:0:0:0:0:1%0]:57178|jellybean21] <-> DownstreamBridge <-> [lobby] has disconnected
[17:14:55] [Netty Worker IO Thread #4/INFO]: [/[0:0:0:0:0:0:0:1%0]:56522|Isiss] -> UpstreamBridge has disconnected
[17:14:55] [Netty Worker IO Thread #4/INFO]: [Isiss] disconnected with: Proxy lost connection to server.
[17:14:55] [Netty Worker IO Thread #4/INFO]: [/[0:0:0:0:0:0:0:1%0]:56522|Isiss] <-> DownstreamBridge <-> [lobby] has disconnected
[17:21:43] [Netty Worker IO Thread #3/INFO] [EaglercraftXBungee]: [/[0:0:0:0:0:0:0:1%0]:53048]: Connected via websocket
[17:21:43] [Netty Worker IO Thread #3/INFO] [EaglercraftXBungee]: [/[0:0:0:0:0:0:0:1%0]:53048]: Origin header is null
[17:21:43] [Netty Worker IO Thread #3/INFO] [EaglercraftXBungee]: [/[0:0:0:0:0:0:0:1%0]:53048]: Logged in as 'Adam8989333'
[17:21:43] [Netty Worker IO Thread #3/INFO]: [/[0:0:0:0:0:0:0:1%0]:53048|Adam8989333] -> UpstreamBridge has connected
[17:21:43] [Netty Worker IO Thread #3/INFO]: [Adam8989333|/[0:0:0:0:0:0:0:1%0]:53048] <-> ServerConnector [lobby] has connected
[17:22:21] [Netty Worker IO Thread #5/INFO] [EaglercraftXBungee]: [/[0:0:0:0:0:0:0:1%0]:54544]: Connected via websocket
[17:22:21] [Netty Worker IO Thread #5/INFO] [EaglercraftXBungee]: [/[0:0:0:0:0:0:0:1%0]:54544]: Origin header is null
[17:22:21] [Netty Worker IO Thread #5/INFO] [EaglercraftXBungee]: [/[0:0:0:0:0:0:0:1%0]:54544]: Logged in as 'the_milk_man'
[17:22:21] [Netty Worker IO Thread #5/INFO]: [/[0:0:0:0:0:0:0:1%0]:54544|the_milk_man] -> UpstreamBridge has connected
[17:22:21] [Netty Worker IO Thread #5/INFO]: [the_milk_man|/[0:0:0:0:0:0:0:1%0]:54544] <-> ServerConnector [lobby] has connected
[17:24:13] [Netty Worker IO Thread #7/INFO] [EaglercraftXBungee]: [/[0:0:0:0:0:0:0:1%0]:49196]: Connected via websocket
[17:24:13] [Netty Worker IO Thread #7/INFO] [EaglercraftXBungee]: [/[0:0:0:0:0:0:0:1%0]:49196]: Origin header is null
[17:24:13] [Netty Worker IO Thread #7/INFO] [EaglercraftXBungee]: [/[0:0:0:0:0:0:0:1%0]:49196]: Logged in as 'suk_it'
[17:24:13] [Netty Worker IO Thread #7/INFO]: [/[0:0:0:0:0:0:0:1%0]:49196|suk_it] -> UpstreamBridge has connected
[17:24:13] [Netty Worker IO Thread #7/INFO]: [suk_it|/[0:0:0:0:0:0:0:1%0]:49196] <-> ServerConnector [lobby] has connected
[17:25:10] [Netty Worker IO Thread #1/INFO] [EaglercraftXBungee]: [/[0:0:0:0:0:0:0:1%0]:37716]: Connected via websocket
[17:25:10] [Netty Worker IO Thread #1/INFO] [EaglercraftXBungee]: [/[0:0:0:0:0:0:0:1%0]:37716]: Origin header is null
[17:25:10] [Netty Worker IO Thread #1/INFO] [EaglercraftXBungee]: [/[0:0:0:0:0:0:0:1%0]:37716]: Logged in as 'kev'
[17:25:10] [Netty Worker IO Thread #1/INFO]: [/[0:0:0:0:0:0:0:1%0]:37716|kev] -> UpstreamBridge has connected
[17:25:10] [Netty Worker IO Thread #1/INFO]: [kev|/[0:0:0:0:0:0:0:1%0]:37716] <-> ServerConnector [lobby] has connected
[17:39:56] [Netty Worker IO Thread #1/INFO]: [/[0:0:0:0:0:0:0:1%0]:37716|kev] -> UpstreamBridge has disconnected
[17:39:56] [Netty Worker IO Thread #1/INFO]: [kev] disconnected with: Proxy lost connection to server.
[17:39:56] [Netty Worker IO Thread #1/INFO]: [/[0:0:0:0:0:0:0:1%0]:37716|kev] <-> DownstreamBridge <-> [lobby] has disconnected
[17:40:39] [Netty Worker IO Thread #3/INFO] [EaglercraftXBungee]: [/[0:0:0:0:0:0:0:1%0]:41304]: Connected via websocket
[17:40:39] [Netty Worker IO Thread #3/INFO] [EaglercraftXBungee]: [/[0:0:0:0:0:0:0:1%0]:41304]: Origin header is null
[17:40:39] [Netty Worker IO Thread #3/INFO] [EaglercraftXBungee]: [/[0:0:0:0:0:0:0:1%0]:41304]: Logged in as 'kev'
[17:40:39] [Netty Worker IO Thread #3/INFO]: [/[0:0:0:0:0:0:0:1%0]:41304|kev] -> UpstreamBridge has connected
[17:40:39] [Netty Worker IO Thread #3/INFO]: [kev|/[0:0:0:0:0:0:0:1%0]:41304] <-> ServerConnector [lobby] has connected
[17:44:29] [Netty Worker IO Thread #3/INFO]: [/[0:0:0:0:0:0:0:1%0]:41304|kev] -> UpstreamBridge has disconnected
[17:44:29] [Netty Worker IO Thread #3/INFO]: [kev] disconnected with: Proxy lost connection to server.
[17:44:29] [Netty Worker IO Thread #3/INFO]: [/[0:0:0:0:0:0:0:1%0]:41304|kev] <-> DownstreamBridge <-> [lobby] has disconnected
[17:45:38] [Netty Worker IO Thread #5/INFO] [EaglercraftXBungee]: [/[0:0:0:0:0:0:0:1%0]:52990]: Connected via websocket
[17:45:38] [Netty Worker IO Thread #5/INFO] [EaglercraftXBungee]: [/[0:0:0:0:0:0:0:1%0]:52990]: Origin header is null
[17:45:38] [Netty Worker IO Thread #5/INFO] [EaglercraftXBungee]: [/[0:0:0:0:0:0:0:1%0]:52990]: Logged in as 'Nari'
[17:45:38] [Netty Worker IO Thread #5/INFO]: [/[0:0:0:0:0:0:0:1%0]:52990|Nari] -> UpstreamBridge has connected
[17:45:38] [Netty Worker IO Thread #5/INFO]: [Nari|/[0:0:0:0:0:0:0:1%0]:52990] <-> ServerConnector [lobby] has connected
[17:59:12] [Netty Worker IO Thread #7/INFO]: [/[0:0:0:0:0:0:0:1%0]:49196|suk_it] -> UpstreamBridge has disconnected
[17:59:12] [Netty Worker IO Thread #7/INFO]: [suk_it] disconnected with: Proxy lost connection to server.
[17:59:12] [Netty Worker IO Thread #7/INFO]: [/[0:0:0:0:0:0:0:1%0]:49196|suk_it] <-> DownstreamBridge <-> [lobby] has disconnected
[17:59:17] [Netty Worker IO Thread #5/INFO]: [/[0:0:0:0:0:0:0:1%0]:54544|the_milk_man] -> UpstreamBridge has disconnected
[17:59:17] [Netty Worker IO Thread #5/INFO]: [the_milk_man] disconnected with: Proxy lost connection to server.
[17:59:17] [Netty Worker IO Thread #5/INFO]: [/[0:0:0:0:0:0:0:1%0]:54544|the_milk_man] <-> DownstreamBridge <-> [lobby] has disconnected
[17:59:30] [Netty Worker IO Thread #5/INFO]: [/[0:0:0:0:0:0:0:1%0]:52990|Nari] -> UpstreamBridge has disconnected
[17:59:30] [Netty Worker IO Thread #5/INFO]: [Nari] disconnected with: Proxy lost connection to server.
[17:59:30] [Netty Worker IO Thread #5/INFO]: [/[0:0:0:0:0:0:0:1%0]:52990|Nari] <-> DownstreamBridge <-> [lobby] has disconnected
[17:59:39] [Netty Worker IO Thread #3/INFO]: [/[0:0:0:0:0:0:0:1%0]:53048|Adam8989333] -> UpstreamBridge has disconnected
[17:59:39] [Netty Worker IO Thread #3/INFO]: [Adam8989333] disconnected with: Proxy lost connection to server.
[17:59:39] [Netty Worker IO Thread #3/INFO]: [/[0:0:0:0:0:0:0:1%0]:53048|Adam8989333] <-> DownstreamBridge <-> [lobby] has disconnected
